{
"contracts/Distributors/GardenUnipoolTokenDistributor.sol":{"l":{"41":408,"45":148,"49":20,"50":20,"54":0,"55":0,"83":12,"87":12,"91":60,"92":60,"93":60,"94":48,"95":48,"97":60,"105":12,"106":12,"107":12,"108":12,"109":12,"110":12,"111":12,"115":247,"119":218,"120":31,"122":187,"136":113,"145":50,"146":50,"149":50,"151":50,"159":146,"171":20,"172":20,"173":20,"181":0,"182":0,"183":0,"184":0,"186":0,"190":28,"194":28,"195":28,"196":20,"198":20,"199":20,"208":12,"209":12,"210":12,"212":0,"213":0,"214":0,"216":12,"217":12,"218":12,"225":10,"238":4,"240":4,"241":4,"244":0,"245":0,"248":0,"249":0,"250":0},"path":"/home/d1r/repos/Giveth/giv-token-contracts/contracts/Distributors/GardenUnipoolTokenDistributor.sol","s":{"1":408,"2":148,"3":20,"4":20,"5":0,"6":0,"7":12,"8":60,"9":60,"10":60,"11":48,"12":48,"13":12,"14":12,"15":12,"16":12,"17":12,"18":12,"19":12,"20":247,"21":218,"22":31,"23":187,"24":113,"25":50,"26":50,"27":50,"28":50,"29":146,"30":20,"31":20,"32":20,"33":0,"34":0,"35":0,"36":0,"37":0,"38":28,"39":28,"40":28,"41":20,"42":20,"43":20,"44":12,"45":12,"46":12,"47":0,"48":0,"49":0,"50":12,"51":12,"52":12,"53":10,"54":4,"55":4,"56":4,"57":0,"58":0,"59":0,"60":0,"61":0,"62":0},"b":{"1":[12,0],"2":[48,12],"3":[31,187],"4":[20,0],"5":[0,0],"6":[0,0],"7":[20,8],"8":[12,0],"9":[4,0],"10":[0,0]},"f":{"1":12,"2":408,"3":148,"4":20,"5":0,"6":12,"7":60,"8":12,"9":247,"10":218,"11":113,"12":50,"13":146,"14":20,"15":0,"16":28,"17":28,"18":12,"19":10,"20":4},"fnMap":{"1":{"name":"__LPTokenWrapper_initialize","line":38,"loc":{"start":{"line":38,"column":4},"end":{"line":38,"column":63}}},"2":{"name":"totalSupply","line":40,"loc":{"start":{"line":40,"column":4},"end":{"line":42,"column":4}}},"3":{"name":"balanceOf","line":44,"loc":{"start":{"line":44,"column":4},"end":{"line":46,"column":4}}},"4":{"name":"stake","line":48,"loc":{"start":{"line":48,"column":4},"end":{"line":51,"column":4}}},"5":{"name":"withdraw","line":53,"loc":{"start":{"line":53,"column":4},"end":{"line":56,"column":4}}},"6":{"name":"onlyRewardDistribution","line":82,"loc":{"start":{"line":82,"column":4},"end":{"line":88,"column":4}}},"7":{"name":"updateReward","line":90,"loc":{"start":{"line":90,"column":4},"end":{"line":98,"column":4}}},"8":{"name":"initialize","line":104,"loc":{"start":{"line":100,"column":4},"end":{"line":112,"column":4}}},"9":{"name":"lastTimeRewardApplicable","line":114,"loc":{"start":{"line":114,"column":4},"end":{"line":116,"column":4}}},"10":{"name":"rewardPerToken","line":118,"loc":{"start":{"line":118,"column":4},"end":{"line":130,"column":4}}},"11":{"name":"getTimestamp","line":135,"loc":{"start":{"line":135,"column":4},"end":{"line":137,"column":4}}},"12":{"name":"earned","line":144,"loc":{"start":{"line":144,"column":4},"end":{"line":154,"column":4}}},"13":{"name":"claimableStream","line":158,"loc":{"start":{"line":158,"column":4},"end":{"line":164,"column":4}}},"14":{"name":"stake","line":169,"loc":{"start":{"line":166,"column":4},"end":{"line":174,"column":4}}},"15":{"name":"withdraw","line":179,"loc":{"start":{"line":176,"column":4},"end":{"line":187,"column":4}}},"16":{"name":"getReward","line":189,"loc":{"start":{"line":189,"column":4},"end":{"line":191,"column":4}}},"17":{"name":"_getReward","line":193,"loc":{"start":{"line":193,"column":4},"end":{"line":201,"column":4}}},"18":{"name":"notifyRewardAmount","line":206,"loc":{"start":{"line":203,"column":4},"end":{"line":219,"column":4}}},"19":{"name":"setRewardDistribution","line":223,"loc":{"start":{"line":221,"column":4},"end":{"line":226,"column":4}}},"20":{"name":"_onTransfer","line":233,"loc":{"start":{"line":233,"column":4},"end":{"line":252,"column":4}}}},"statementMap":{"1":{"start":{"line":41,"column":8},"end":{"line":41,"column":27}},"2":{"start":{"line":45,"column":8},"end":{"line":45,"column":33}},"3":{"start":{"line":49,"column":8},"end":{"line":49,"column":46}},"4":{"start":{"line":50,"column":8},"end":{"line":50,"column":52}},"5":{"start":{"line":54,"column":8},"end":{"line":54,"column":46}},"6":{"start":{"line":55,"column":8},"end":{"line":55,"column":52}},"7":{"start":{"line":83,"column":8},"end":{"line":83,"column":2955}},"8":{"start":{"line":91,"column":8},"end":{"line":91,"column":46}},"9":{"start":{"line":92,"column":8},"end":{"line":92,"column":50}},"10":{"start":{"line":93,"column":8},"end":{"line":93,"column":3244}},"11":{"start":{"line":94,"column":12},"end":{"line":94,"column":54}},"12":{"start":{"line":95,"column":12},"end":{"line":95,"column":65}},"13":{"start":{"line":105,"column":8},"end":{"line":105,"column":23}},"14":{"start":{"line":106,"column":8},"end":{"line":106,"column":36}},"15":{"start":{"line":107,"column":8},"end":{"line":107,"column":50}},"16":{"start":{"line":108,"column":8},"end":{"line":108,"column":39}},"17":{"start":{"line":109,"column":8},"end":{"line":109,"column":27}},"18":{"start":{"line":110,"column":8},"end":{"line":110,"column":23}},"19":{"start":{"line":111,"column":8},"end":{"line":111,"column":21}},"20":{"start":{"line":115,"column":8},"end":{"line":115,"column":64}},"21":{"start":{"line":119,"column":8},"end":{"line":119,"column":4032}},"22":{"start":{"line":120,"column":12},"end":{"line":120,"column":39}},"23":{"start":{"line":122,"column":8},"end":{"line":122,"column":4122}},"24":{"start":{"line":136,"column":8},"end":{"line":136,"column":30}},"25":{"start":{"line":145,"column":8},"end":{"line":145,"column":55}},"26":{"start":{"line":146,"column":8},"end":{"line":146,"column":4965}},"27":{"start":{"line":149,"column":8},"end":{"line":149,"column":67}},"28":{"start":{"line":151,"column":8},"end":{"line":151,"column":5177}},"29":{"start":{"line":159,"column":8},"end":{"line":159,"column":5539}},"30":{"start":{"line":171,"column":8},"end":{"line":171,"column":44}},"31":{"start":{"line":172,"column":8},"end":{"line":172,"column":32}},"32":{"start":{"line":173,"column":8},"end":{"line":173,"column":33}},"33":{"start":{"line":181,"column":8},"end":{"line":181,"column":47}},"34":{"start":{"line":182,"column":8},"end":{"line":182,"column":35}},"35":{"start":{"line":183,"column":8},"end":{"line":183,"column":6152}},"36":{"start":{"line":184,"column":12},"end":{"line":184,"column":27}},"37":{"start":{"line":186,"column":8},"end":{"line":186,"column":36}},"38":{"start":{"line":190,"column":8},"end":{"line":190,"column":29}},"39":{"start":{"line":194,"column":8},"end":{"line":194,"column":46}},"40":{"start":{"line":195,"column":8},"end":{"line":195,"column":6468}},"41":{"start":{"line":196,"column":12},"end":{"line":196,"column":28}},"42":{"start":{"line":198,"column":12},"end":{"line":198,"column":51}},"43":{"start":{"line":199,"column":12},"end":{"line":199,"column":41}},"44":{"start":{"line":208,"column":8},"end":{"line":208,"column":43}},"45":{"start":{"line":209,"column":8},"end":{"line":209,"column":6873}},"46":{"start":{"line":210,"column":12},"end":{"line":210,"column":44}},"47":{"start":{"line":212,"column":12},"end":{"line":212,"column":60}},"48":{"start":{"line":213,"column":12},"end":{"line":213,"column":56}},"49":{"start":{"line":214,"column":12},"end":{"line":214,"column":58}},"50":{"start":{"line":216,"column":8},"end":{"line":216,"column":34}},"51":{"start":{"line":217,"column":8},"end":{"line":217,"column":46}},"52":{"start":{"line":218,"column":8},"end":{"line":218,"column":32}},"53":{"start":{"line":225,"column":8},"end":{"line":225,"column":47}},"54":{"start":{"line":238,"column":8},"end":{"line":238,"column":7798}},"55":{"start":{"line":240,"column":12},"end":{"line":240,"column":30}},"56":{"start":{"line":241,"column":12},"end":{"line":241,"column":23}},"57":{"start":{"line":242,"column":15},"end":{"line":242,"column":7946}},"58":{"start":{"line":244,"column":12},"end":{"line":244,"column":35}},"59":{"start":{"line":245,"column":12},"end":{"line":245,"column":23}},"60":{"start":{"line":248,"column":12},"end":{"line":248,"column":35}},"61":{"start":{"line":249,"column":12},"end":{"line":249,"column":30}},"62":{"start":{"line":250,"column":12},"end":{"line":250,"column":23}}},"branchMap":{"1":{"line":83,"type":"if","locations":[{"start":{"line":83,"column":8},"end":{"line":83,"column":8}},{"start":{"line":83,"column":8},"end":{"line":83,"column":8}}]},"2":{"line":93,"type":"if","locations":[{"start":{"line":93,"column":8},"end":{"line":93,"column":8}},{"start":{"line":93,"column":8},"end":{"line":93,"column":8}}]},"3":{"line":119,"type":"if","locations":[{"start":{"line":119,"column":8},"end":{"line":119,"column":8}},{"start":{"line":119,"column":8},"end":{"line":119,"column":8}}]},"4":{"line":171,"type":"if","locations":[{"start":{"line":171,"column":8},"end":{"line":171,"column":8}},{"start":{"line":171,"column":8},"end":{"line":171,"column":8}}]},"5":{"line":181,"type":"if","locations":[{"start":{"line":181,"column":8},"end":{"line":181,"column":8}},{"start":{"line":181,"column":8},"end":{"line":181,"column":8}}]},"6":{"line":183,"type":"if","locations":[{"start":{"line":183,"column":8},"end":{"line":183,"column":8}},{"start":{"line":183,"column":8},"end":{"line":183,"column":8}}]},"7":{"line":195,"type":"if","locations":[{"start":{"line":195,"column":8},"end":{"line":195,"column":8}},{"start":{"line":195,"column":8},"end":{"line":195,"column":8}}]},"8":{"line":209,"type":"if","locations":[{"start":{"line":209,"column":8},"end":{"line":209,"column":8}},{"start":{"line":209,"column":8},"end":{"line":209,"column":8}}]},"9":{"line":238,"type":"if","locations":[{"start":{"line":238,"column":8},"end":{"line":238,"column":8}},{"start":{"line":238,"column":8},"end":{"line":238,"column":8}}]},"10":{"line":242,"type":"if","locations":[{"start":{"line":242,"column":15},"end":{"line":242,"column":15}},{"start":{"line":242,"column":15},"end":{"line":242,"column":15}}]}}},
"contracts/Distributors/MerkleDistro.sol":{"l":{"37":3,"38":3,"39":3,"43":0,"44":0,"45":0,"46":0,"47":0,"51":0,"52":0,"53":0,"63":0,"66":0,"67":0,"73":0,"74":0,"76":0,"90":0,"93":0,"94":0,"100":0,"101":0,"103":0},"path":"/home/d1r/repos/Giveth/giv-token-contracts/contracts/Distributors/MerkleDistro.sol","s":{"1":3,"2":3,"3":3,"4":0,"5":0,"6":0,"7":0,"8":0,"9":0,"10":0,"11":0,"12":0,"13":0,"14":0,"15":0,"16":0,"17":0,"18":0,"19":0,"20":0,"21":0,"22":0,"23":0},"b":{"1":[0,0],"2":[0,0],"3":[0,0],"4":[0,0]},"f":{"1":3,"2":0,"3":0,"4":0,"5":0},"fnMap":{"1":{"name":"initialize","line":35,"loc":{"start":{"line":33,"column":4},"end":{"line":40,"column":4}}},"2":{"name":"isClaimed","line":42,"loc":{"start":{"line":42,"column":4},"end":{"line":48,"column":4}}},"3":{"name":"_setClaimed","line":50,"loc":{"start":{"line":50,"column":4},"end":{"line":56,"column":4}}},"4":{"name":"claim","line":58,"loc":{"start":{"line":58,"column":4},"end":{"line":77,"column":4}}},"5":{"name":"claimTo","line":89,"loc":{"start":{"line":83,"column":4},"end":{"line":104,"column":4}}}},"statementMap":{"1":{"start":{"line":37,"column":8},"end":{"line":37,"column":23}},"2":{"start":{"line":38,"column":8},"end":{"line":38,"column":33}},"3":{"start":{"line":39,"column":8},"end":{"line":39,"column":31}},"4":{"start":{"line":43,"column":8},"end":{"line":43,"column":46}},"5":{"start":{"line":44,"column":8},"end":{"line":44,"column":45}},"6":{"start":{"line":45,"column":8},"end":{"line":45,"column":61}},"7":{"start":{"line":46,"column":8},"end":{"line":46,"column":45}},"8":{"start":{"line":47,"column":8},"end":{"line":47,"column":41}},"9":{"start":{"line":51,"column":8},"end":{"line":51,"column":46}},"10":{"start":{"line":52,"column":8},"end":{"line":52,"column":45}},"11":{"start":{"line":53,"column":8},"end":{"line":53,"column":1807}},"12":{"start":{"line":63,"column":8},"end":{"line":63,"column":78}},"13":{"start":{"line":66,"column":8},"end":{"line":66,"column":77}},"14":{"start":{"line":67,"column":8},"end":{"line":67,"column":2242}},"15":{"start":{"line":73,"column":8},"end":{"line":73,"column":25}},"16":{"start":{"line":74,"column":8},"end":{"line":74,"column":53}},"17":{"start":{"line":76,"column":8},"end":{"line":76,"column":59}},"18":{"start":{"line":90,"column":8},"end":{"line":90,"column":78}},"19":{"start":{"line":93,"column":8},"end":{"line":93,"column":74}},"20":{"start":{"line":94,"column":8},"end":{"line":94,"column":3232}},"21":{"start":{"line":100,"column":8},"end":{"line":100,"column":25}},"22":{"start":{"line":101,"column":8},"end":{"line":101,"column":52}},"23":{"start":{"line":103,"column":8},"end":{"line":103,"column":55}}},"branchMap":{"1":{"line":63,"type":"if","locations":[{"start":{"line":63,"column":8},"end":{"line":63,"column":8}},{"start":{"line":63,"column":8},"end":{"line":63,"column":8}}]},"2":{"line":67,"type":"if","locations":[{"start":{"line":67,"column":8},"end":{"line":67,"column":8}},{"start":{"line":67,"column":8},"end":{"line":67,"column":8}}]},"3":{"line":90,"type":"if","locations":[{"start":{"line":90,"column":8},"end":{"line":90,"column":8}},{"start":{"line":90,"column":8},"end":{"line":90,"column":8}}]},"4":{"line":94,"type":"if","locations":[{"start":{"line":94,"column":8},"end":{"line":94,"column":8}},{"start":{"line":94,"column":8},"end":{"line":94,"column":8}}]}}},
"contracts/Distributors/TokenManagerHook.sol":{"l":{"17":6,"27":7,"37":0,"47":0,"53":11,"59":12,"65":0,"71":0,"90":6,"93":6,"96":6,"99":5,"118":6,"122":5,"135":12,"139":7,"153":1,"166":0,"182":4,"198":0,"208":1,"216":0,"224":0,"232":0},"path":"/home/d1r/repos/Giveth/giv-token-contracts/contracts/Distributors/TokenManagerHook.sol","s":{"1":6,"2":6,"3":5,"4":6,"5":12,"6":7,"7":1,"8":0,"9":4,"10":0,"11":1,"12":0,"13":0,"14":0},"b":{"1":[6,0],"2":[5,1]},"f":{"1":6,"2":7,"3":0,"4":0,"5":11,"6":12,"7":0,"8":0,"9":6,"10":6,"11":12,"12":7,"13":1,"14":0,"15":4,"16":0,"17":1,"18":0,"19":0,"20":0},"fnMap":{"1":{"name":"getStorageBool","line":12,"loc":{"start":{"line":12,"column":4},"end":{"line":20,"column":4}}},"2":{"name":"getStorageAddress","line":22,"loc":{"start":{"line":22,"column":4},"end":{"line":30,"column":4}}},"3":{"name":"getStorageBytes32","line":32,"loc":{"start":{"line":32,"column":4},"end":{"line":40,"column":4}}},"4":{"name":"getStorageUint256","line":42,"loc":{"start":{"line":42,"column":4},"end":{"line":50,"column":4}}},"5":{"name":"setStorageBool","line":52,"loc":{"start":{"line":52,"column":4},"end":{"line":56,"column":4}}},"6":{"name":"setStorageAddress","line":58,"loc":{"start":{"line":58,"column":4},"end":{"line":62,"column":4}}},"7":{"name":"setStorageBytes32","line":64,"loc":{"start":{"line":64,"column":4},"end":{"line":68,"column":4}}},"8":{"name":"setStorageUint256","line":70,"loc":{"start":{"line":70,"column":4},"end":{"line":74,"column":4}}},"9":{"name":"nonReentrant","line":88,"loc":{"start":{"line":88,"column":4},"end":{"line":100,"column":4}}},"10":{"name":"onlyTokenManager","line":117,"loc":{"start":{"line":117,"column":4},"end":{"line":123,"column":4}}},"11":{"name":"__TokenManagerHook_initialize","line":133,"loc":{"start":{"line":131,"column":4},"end":{"line":136,"column":4}}},"12":{"name":"getTokenManager","line":138,"loc":{"start":{"line":138,"column":4},"end":{"line":140,"column":4}}},"13":{"name":"onRegisterAsHook","line":151,"loc":{"start":{"line":148,"column":4},"end":{"line":154,"column":4}}},"14":{"name":"onRevokeAsHook","line":164,"loc":{"start":{"line":161,"column":4},"end":{"line":167,"column":4}}},"15":{"name":"onTransfer","line":181,"loc":{"start":{"line":177,"column":4},"end":{"line":183,"column":4}}},"16":{"name":"onApprove","line":197,"loc":{"start":{"line":193,"column":4},"end":{"line":199,"column":4}}},"17":{"name":"_onRegisterAsHook","line":203,"loc":{"start":{"line":203,"column":4},"end":{"line":209,"column":4}}},"18":{"name":"_onRevokeAsHook","line":211,"loc":{"start":{"line":211,"column":4},"end":{"line":217,"column":4}}},"19":{"name":"_onTransfer","line":219,"loc":{"start":{"line":219,"column":4},"end":{"line":225,"column":4}}},"20":{"name":"_onApprove","line":227,"loc":{"start":{"line":227,"column":4},"end":{"line":233,"column":4}}}},"statementMap":{"1":{"start":{"line":90,"column":8},"end":{"line":90,"column":76}},"2":{"start":{"line":93,"column":8},"end":{"line":93,"column":53}},"3":{"start":{"line":99,"column":8},"end":{"line":99,"column":54}},"4":{"start":{"line":118,"column":8},"end":{"line":118,"column":3175}},"5":{"start":{"line":135,"column":8},"end":{"line":135,"column":61}},"6":{"start":{"line":139,"column":8},"end":{"line":139,"column":57}},"7":{"start":{"line":153,"column":8},"end":{"line":153,"column":53}},"8":{"start":{"line":166,"column":8},"end":{"line":166,"column":51}},"9":{"start":{"line":182,"column":8},"end":{"line":182,"column":47}},"10":{"start":{"line":198,"column":8},"end":{"line":198,"column":53}},"11":{"start":{"line":208,"column":8},"end":{"line":208,"column":14}},"12":{"start":{"line":216,"column":8},"end":{"line":216,"column":14}},"13":{"start":{"line":224,"column":8},"end":{"line":224,"column":19}},"14":{"start":{"line":232,"column":8},"end":{"line":232,"column":19}}},"branchMap":{"1":{"line":90,"type":"if","locations":[{"start":{"line":90,"column":8},"end":{"line":90,"column":8}},{"start":{"line":90,"column":8},"end":{"line":90,"column":8}}]},"2":{"line":118,"type":"if","locations":[{"start":{"line":118,"column":8},"end":{"line":118,"column":8}},{"start":{"line":118,"column":8},"end":{"line":118,"column":8}}]}}},
"contracts/Distributors/UnipoolTokenDistributor.sol":{"l":{"35":21,"39":162,"43":56,"47":12,"48":12,"49":12,"53":1,"54":1,"55":1,"87":11,"91":11,"95":27,"96":27,"97":27,"98":16,"99":16,"101":27,"109":21,"110":21,"111":21,"112":21,"113":21,"114":21,"118":94,"122":94,"123":27,"125":67,"136":51,"145":12,"146":12,"147":12,"151":1,"152":1,"153":1,"157":1,"158":1,"162":3,"163":3,"164":3,"166":3,"167":3,"176":11,"177":11,"178":11,"180":0,"181":0,"182":0,"184":11,"185":11,"186":11,"193":7,"205":0,"209":0,"210":0,"211":0,"219":0,"234":0,"236":0,"237":0,"257":0,"261":0,"265":0,"268":0,"282":0,"304":0,"308":0,"312":0,"327":0,"336":0},"path":"/home/d1r/repos/Giveth/giv-token-contracts/contracts/Distributors/UnipoolTokenDistributor.sol","s":{"1":21,"2":162,"3":56,"4":12,"5":12,"6":12,"7":1,"8":1,"9":1,"10":11,"11":27,"12":27,"13":27,"14":16,"15":16,"16":21,"17":21,"18":21,"19":21,"20":21,"21":21,"22":94,"23":94,"24":27,"25":67,"26":51,"27":12,"28":12,"29":12,"30":1,"31":1,"32":1,"33":1,"34":1,"35":3,"36":3,"37":3,"38":3,"39":3,"40":11,"41":11,"42":11,"43":0,"44":0,"45":0,"46":11,"47":11,"48":11,"49":7,"50":0,"51":0,"52":0,"53":0,"54":0,"55":0,"56":0,"57":0,"58":0,"59":0,"60":0,"61":0,"62":0,"63":0,"64":0,"65":0,"66":0,"67":0},"b":{"1":[11,0],"2":[16,11],"3":[27,67],"4":[12,0],"5":[1,0],"6":[3,0],"7":[11,0],"8":[0,0],"9":[0,0],"10":[0,0],"11":[0,0],"12":[0,0],"13":[0,0],"14":[0,0],"15":[0,0]},"f":{"1":21,"2":162,"3":56,"4":12,"5":1,"6":11,"7":27,"8":21,"9":94,"10":94,"11":51,"12":12,"13":1,"14":1,"15":3,"16":11,"17":7,"18":0,"19":0,"20":0,"21":0},"fnMap":{"1":{"name":"__LPTokenWrapper_initialize","line":33,"loc":{"start":{"line":31,"column":4},"end":{"line":36,"column":4}}},"2":{"name":"totalSupply","line":38,"loc":{"start":{"line":38,"column":4},"end":{"line":40,"column":4}}},"3":{"name":"balanceOf","line":42,"loc":{"start":{"line":42,"column":4},"end":{"line":44,"column":4}}},"4":{"name":"stake","line":46,"loc":{"start":{"line":46,"column":4},"end":{"line":50,"column":4}}},"5":{"name":"withdraw","line":52,"loc":{"start":{"line":52,"column":4},"end":{"line":56,"column":4}}},"6":{"name":"onlyRewardDistribution","line":86,"loc":{"start":{"line":86,"column":4},"end":{"line":92,"column":4}}},"7":{"name":"updateReward","line":94,"loc":{"start":{"line":94,"column":4},"end":{"line":102,"column":4}}},"8":{"name":"initialize","line":108,"loc":{"start":{"line":104,"column":4},"end":{"line":115,"column":4}}},"9":{"name":"lastTimeRewardApplicable","line":117,"loc":{"start":{"line":117,"column":4},"end":{"line":119,"column":4}}},"10":{"name":"rewardPerToken","line":121,"loc":{"start":{"line":121,"column":4},"end":{"line":133,"column":4}}},"11":{"name":"earned","line":135,"loc":{"start":{"line":135,"column":4},"end":{"line":141,"column":4}}},"12":{"name":"stake","line":144,"loc":{"start":{"line":144,"column":4},"end":{"line":148,"column":4}}},"13":{"name":"withdraw","line":150,"loc":{"start":{"line":150,"column":4},"end":{"line":154,"column":4}}},"14":{"name":"exit","line":156,"loc":{"start":{"line":156,"column":4},"end":{"line":159,"column":4}}},"15":{"name":"getReward","line":161,"loc":{"start":{"line":161,"column":4},"end":{"line":169,"column":4}}},"16":{"name":"notifyRewardAmount","line":174,"loc":{"start":{"line":171,"column":4},"end":{"line":187,"column":4}}},"17":{"name":"setRewardDistribution","line":191,"loc":{"start":{"line":189,"column":4},"end":{"line":194,"column":4}}},"18":{"name":"stakeWithPermit","line":203,"loc":{"start":{"line":201,"column":4},"end":{"line":212,"column":4}}},"19":{"name":"getSelector","line":218,"loc":{"start":{"line":218,"column":4},"end":{"line":222,"column":4}}},"20":{"name":"_permit","line":230,"loc":{"start":{"line":230,"column":4},"end":{"line":329,"column":4}}},"21":{"name":"_getBlockTimestamp","line":335,"loc":{"start":{"line":335,"column":4},"end":{"line":337,"column":4}}}},"statementMap":{"1":{"start":{"line":35,"column":8},"end":{"line":35,"column":17}},"2":{"start":{"line":39,"column":8},"end":{"line":39,"column":27}},"3":{"start":{"line":43,"column":8},"end":{"line":43,"column":33}},"4":{"start":{"line":47,"column":8},"end":{"line":47,"column":46}},"5":{"start":{"line":48,"column":8},"end":{"line":48,"column":64}},"6":{"start":{"line":49,"column":8},"end":{"line":49,"column":62}},"7":{"start":{"line":53,"column":8},"end":{"line":53,"column":46}},"8":{"start":{"line":54,"column":8},"end":{"line":54,"column":64}},"9":{"start":{"line":55,"column":8},"end":{"line":55,"column":43}},"10":{"start":{"line":87,"column":8},"end":{"line":87,"column":3268}},"11":{"start":{"line":95,"column":8},"end":{"line":95,"column":46}},"12":{"start":{"line":96,"column":8},"end":{"line":96,"column":50}},"13":{"start":{"line":97,"column":8},"end":{"line":97,"column":3557}},"14":{"start":{"line":98,"column":12},"end":{"line":98,"column":45}},"15":{"start":{"line":99,"column":12},"end":{"line":99,"column":65}},"16":{"start":{"line":109,"column":8},"end":{"line":109,"column":23}},"17":{"start":{"line":110,"column":8},"end":{"line":110,"column":40}},"18":{"start":{"line":111,"column":8},"end":{"line":111,"column":39}},"19":{"start":{"line":112,"column":8},"end":{"line":112,"column":27}},"20":{"start":{"line":113,"column":8},"end":{"line":113,"column":23}},"21":{"start":{"line":114,"column":8},"end":{"line":114,"column":21}},"22":{"start":{"line":118,"column":8},"end":{"line":118,"column":70}},"23":{"start":{"line":122,"column":8},"end":{"line":122,"column":4295}},"24":{"start":{"line":123,"column":12},"end":{"line":123,"column":39}},"25":{"start":{"line":125,"column":8},"end":{"line":125,"column":4385}},"26":{"start":{"line":136,"column":8},"end":{"line":136,"column":4746}},"27":{"start":{"line":145,"column":8},"end":{"line":145,"column":44}},"28":{"start":{"line":146,"column":8},"end":{"line":146,"column":26}},"29":{"start":{"line":147,"column":8},"end":{"line":147,"column":39}},"30":{"start":{"line":151,"column":8},"end":{"line":151,"column":47}},"31":{"start":{"line":152,"column":8},"end":{"line":152,"column":29}},"32":{"start":{"line":153,"column":8},"end":{"line":153,"column":42}},"33":{"start":{"line":157,"column":8},"end":{"line":157,"column":38}},"34":{"start":{"line":158,"column":8},"end":{"line":158,"column":18}},"35":{"start":{"line":162,"column":8},"end":{"line":162,"column":43}},"36":{"start":{"line":163,"column":8},"end":{"line":163,"column":5614}},"37":{"start":{"line":164,"column":12},"end":{"line":164,"column":34}},"38":{"start":{"line":166,"column":12},"end":{"line":166,"column":57}},"39":{"start":{"line":167,"column":12},"end":{"line":167,"column":47}},"40":{"start":{"line":176,"column":8},"end":{"line":176,"column":49}},"41":{"start":{"line":177,"column":8},"end":{"line":177,"column":6043}},"42":{"start":{"line":178,"column":12},"end":{"line":178,"column":44}},"43":{"start":{"line":180,"column":12},"end":{"line":180,"column":60}},"44":{"start":{"line":181,"column":12},"end":{"line":181,"column":56}},"45":{"start":{"line":182,"column":12},"end":{"line":182,"column":58}},"46":{"start":{"line":184,"column":8},"end":{"line":184,"column":34}},"47":{"start":{"line":185,"column":8},"end":{"line":185,"column":46}},"48":{"start":{"line":186,"column":8},"end":{"line":186,"column":32}},"49":{"start":{"line":193,"column":8},"end":{"line":193,"column":47}},"50":{"start":{"line":205,"column":8},"end":{"line":205,"column":44}},"51":{"start":{"line":209,"column":8},"end":{"line":209,"column":30}},"52":{"start":{"line":210,"column":8},"end":{"line":210,"column":26}},"53":{"start":{"line":211,"column":8},"end":{"line":211,"column":39}},"54":{"start":{"line":234,"column":8},"end":{"line":234,"column":45}},"55":{"start":{"line":236,"column":8},"end":{"line":236,"column":8193}},"56":{"start":{"line":237,"column":12},"end":{"line":237,"column":8246}},"57":{"start":{"line":257,"column":12},"end":{"line":257,"column":8818}},"58":{"start":{"line":261,"column":12},"end":{"line":261,"column":8957}},"59":{"start":{"line":265,"column":12},"end":{"line":265,"column":77}},"60":{"start":{"line":268,"column":12},"end":{"line":268,"column":9260}},"61":{"start":{"line":281,"column":15},"end":{"line":281,"column":9645}},"62":{"start":{"line":282,"column":12},"end":{"line":282,"column":9705}},"63":{"start":{"line":304,"column":12},"end":{"line":304,"column":10341}},"64":{"start":{"line":308,"column":12},"end":{"line":308,"column":10482}},"65":{"start":{"line":312,"column":12},"end":{"line":312,"column":10632}},"66":{"start":{"line":327,"column":12},"end":{"line":327,"column":70}},"67":{"start":{"line":336,"column":8},"end":{"line":336,"column":30}}},"branchMap":{"1":{"line":87,"type":"if","locations":[{"start":{"line":87,"column":8},"end":{"line":87,"column":8}},{"start":{"line":87,"column":8},"end":{"line":87,"column":8}}]},"2":{"line":97,"type":"if","locations":[{"start":{"line":97,"column":8},"end":{"line":97,"column":8}},{"start":{"line":97,"column":8},"end":{"line":97,"column":8}}]},"3":{"line":122,"type":"if","locations":[{"start":{"line":122,"column":8},"end":{"line":122,"column":8}},{"start":{"line":122,"column":8},"end":{"line":122,"column":8}}]},"4":{"line":145,"type":"if","locations":[{"start":{"line":145,"column":8},"end":{"line":145,"column":8}},{"start":{"line":145,"column":8},"end":{"line":145,"column":8}}]},"5":{"line":151,"type":"if","locations":[{"start":{"line":151,"column":8},"end":{"line":151,"column":8}},{"start":{"line":151,"column":8},"end":{"line":151,"column":8}}]},"6":{"line":163,"type":"if","locations":[{"start":{"line":163,"column":8},"end":{"line":163,"column":8}},{"start":{"line":163,"column":8},"end":{"line":163,"column":8}}]},"7":{"line":177,"type":"if","locations":[{"start":{"line":177,"column":8},"end":{"line":177,"column":8}},{"start":{"line":177,"column":8},"end":{"line":177,"column":8}}]},"8":{"line":205,"type":"if","locations":[{"start":{"line":205,"column":8},"end":{"line":205,"column":8}},{"start":{"line":205,"column":8},"end":{"line":205,"column":8}}]},"9":{"line":236,"type":"if","locations":[{"start":{"line":236,"column":8},"end":{"line":236,"column":8}},{"start":{"line":236,"column":8},"end":{"line":236,"column":8}}]},"10":{"line":257,"type":"if","locations":[{"start":{"line":257,"column":12},"end":{"line":257,"column":12}},{"start":{"line":257,"column":12},"end":{"line":257,"column":12}}]},"11":{"line":261,"type":"if","locations":[{"start":{"line":261,"column":12},"end":{"line":261,"column":12}},{"start":{"line":261,"column":12},"end":{"line":261,"column":12}}]},"12":{"line":265,"type":"if","locations":[{"start":{"line":265,"column":12},"end":{"line":265,"column":12}},{"start":{"line":265,"column":12},"end":{"line":265,"column":12}}]},"13":{"line":281,"type":"if","locations":[{"start":{"line":281,"column":15},"end":{"line":281,"column":15}},{"start":{"line":281,"column":15},"end":{"line":281,"column":15}}]},"14":{"line":304,"type":"if","locations":[{"start":{"line":304,"column":12},"end":{"line":304,"column":12}},{"start":{"line":304,"column":12},"end":{"line":304,"column":12}}]},"15":{"line":308,"type":"if","locations":[{"start":{"line":308,"column":12},"end":{"line":308,"column":12}},{"start":{"line":308,"column":12},"end":{"line":308,"column":12}}]}}},
"contracts/Interfaces/IDistro.sol":{"l":{},"path":"/home/d1r/repos/Giveth/giv-token-contracts/contracts/Interfaces/IDistro.sol","s":{},"b":{},"f":{},"fnMap":{},"statementMap":{},"branchMap":{}},
"contracts/Interfaces/IMerkleTreeDistributor.sol":{"l":{},"path":"/home/d1r/repos/Giveth/giv-token-contracts/contracts/Interfaces/IMerkleTreeDistributor.sol","s":{},"b":{},"f":{},"fnMap":{},"statementMap":{},"branchMap":{}},
"contracts/Mocks/GardenUnipoolTokenDistributorMock.sol":{"l":{"11":14,"15":309,"19":16,"23":0},"path":"/home/d1r/repos/Giveth/giv-token-contracts/contracts/Mocks/GardenUnipoolTokenDistributorMock.sol","s":{"1":14,"2":309,"3":16,"4":0},"b":{},"f":{"1":14,"2":309,"3":16,"4":0},"fnMap":{"1":{"name":"setTimestamp","line":10,"loc":{"start":{"line":10,"column":4},"end":{"line":12,"column":4}}},"2":{"name":"getTimestamp","line":14,"loc":{"start":{"line":14,"column":4},"end":{"line":16,"column":4}}},"3":{"name":"_stake","line":18,"loc":{"start":{"line":18,"column":4},"end":{"line":20,"column":4}}},"4":{"name":"_withdraw","line":22,"loc":{"start":{"line":22,"column":4},"end":{"line":24,"column":4}}}},"statementMap":{"1":{"start":{"line":11,"column":8},"end":{"line":11,"column":35}},"2":{"start":{"line":15,"column":8},"end":{"line":15,"column":78}},"3":{"start":{"line":19,"column":8},"end":{"line":19,"column":26}},"4":{"start":{"line":23,"column":8},"end":{"line":23,"column":29}}},"branchMap":{}},
"contracts/Mocks/HookedTokenManagerMock.sol":{"l":{"29":3,"37":1,"38":1,"39":1,"40":1,"48":0,"49":0,"66":4,"79":0,"87":0,"88":0,"89":0,"90":0,"91":0,"93":0,"102":4,"103":4,"104":4,"105":4,"106":4,"108":4},"path":"/home/d1r/repos/Giveth/giv-token-contracts/contracts/Mocks/HookedTokenManagerMock.sol","s":{"1":3,"2":1,"3":1,"4":1,"5":1,"6":0,"7":4,"8":0,"9":0,"10":0,"11":0,"12":0,"13":0,"14":4,"15":4,"16":4,"17":4,"18":4},"b":{"1":[0,0],"2":[4,0]},"f":{"1":3,"2":1,"3":0,"4":4,"5":0,"6":0,"7":4},"fnMap":{"1":{"name":"constructor","line":28,"loc":{"start":{"line":28,"column":4},"end":{"line":30,"column":4}}},"2":{"name":"registerHook","line":36,"loc":{"start":{"line":36,"column":4},"end":{"line":41,"column":4}}},"3":{"name":"revokeHook","line":47,"loc":{"start":{"line":47,"column":4},"end":{"line":50,"column":4}}},"4":{"name":"onTransfer","line":61,"loc":{"start":{"line":61,"column":4},"end":{"line":67,"column":4}}},"5":{"name":"onApprove","line":74,"loc":{"start":{"line":74,"column":4},"end":{"line":80,"column":4}}},"6":{"name":"_triggerOnApproveHook","line":82,"loc":{"start":{"line":82,"column":4},"end":{"line":95,"column":4}}},"7":{"name":"_triggerOnTransferHook","line":97,"loc":{"start":{"line":97,"column":4},"end":{"line":110,"column":4}}}},"statementMap":{"1":{"start":{"line":29,"column":8},"end":{"line":29,"column":21}},"2":{"start":{"line":37,"column":8},"end":{"line":37,"column":38}},"3":{"start":{"line":38,"column":8},"end":{"line":38,"column":46}},"4":{"start":{"line":39,"column":8},"end":{"line":39,"column":52}},"5":{"start":{"line":40,"column":8},"end":{"line":40,"column":21}},"6":{"start":{"line":48,"column":8},"end":{"line":48,"column":52}},"7":{"start":{"line":66,"column":8},"end":{"line":66,"column":50}},"8":{"start":{"line":79,"column":8},"end":{"line":79,"column":64}},"9":{"start":{"line":87,"column":8},"end":{"line":87,"column":22}},"10":{"start":{"line":88,"column":8},"end":{"line":88,"column":21}},"11":{"start":{"line":89,"column":8},"end":{"line":89,"column":2791}},"12":{"start":{"line":90,"column":12},"end":{"line":90,"column":2845}},"13":{"start":{"line":91,"column":16},"end":{"line":91,"column":72}},"14":{"start":{"line":102,"column":8},"end":{"line":102,"column":26}},"15":{"start":{"line":103,"column":8},"end":{"line":103,"column":21}},"16":{"start":{"line":104,"column":8},"end":{"line":104,"column":3213}},"17":{"start":{"line":105,"column":12},"end":{"line":105,"column":3271}},"18":{"start":{"line":106,"column":16},"end":{"line":106,"column":70}}},"branchMap":{"1":{"line":90,"type":"if","locations":[{"start":{"line":90,"column":12},"end":{"line":90,"column":12}},{"start":{"line":90,"column":12},"end":{"line":90,"column":12}}]},"2":{"line":105,"type":"if","locations":[{"start":{"line":105,"column":12},"end":{"line":105,"column":12}},{"start":{"line":105,"column":12},"end":{"line":105,"column":12}}]}}},
"contracts/Mocks/PermitMock.sol":{"l":{"19":1,"35":1,"36":1,"40":1,"52":1,"56":1,"60":1,"69":1},"path":"/home/d1r/repos/Giveth/giv-token-contracts/contracts/Mocks/PermitMock.sol","s":{"1":1,"2":1,"3":1,"4":1,"5":1,"6":1,"7":1},"b":{"1":[1,0],"2":[1,0],"3":[1,0],"4":[1,0]},"f":{"1":6,"2":1,"3":1},"fnMap":{"1":{"name":"constructor","line":8,"loc":{"start":{"line":8,"column":4},"end":{"line":8,"column":19}}},"2":{"name":"_getSelector","line":14,"loc":{"start":{"line":14,"column":4},"end":{"line":22,"column":4}}},"3":{"name":"permit","line":30,"loc":{"start":{"line":30,"column":4},"end":{"line":81,"column":4}}}},"statementMap":{"1":{"start":{"line":35,"column":8},"end":{"line":35,"column":46}},"2":{"start":{"line":36,"column":8},"end":{"line":36,"column":910}},"3":{"start":{"line":40,"column":8},"end":{"line":40,"column":1031}},"4":{"start":{"line":52,"column":8},"end":{"line":52,"column":1365}},"5":{"start":{"line":56,"column":8},"end":{"line":56,"column":1493}},"6":{"start":{"line":60,"column":8},"end":{"line":60,"column":1615}},"7":{"start":{"line":69,"column":8},"end":{"line":69,"column":2034}}},"branchMap":{"1":{"line":36,"type":"if","locations":[{"start":{"line":36,"column":8},"end":{"line":36,"column":8}},{"start":{"line":36,"column":8},"end":{"line":36,"column":8}}]},"2":{"line":52,"type":"if","locations":[{"start":{"line":52,"column":8},"end":{"line":52,"column":8}},{"start":{"line":52,"column":8},"end":{"line":52,"column":8}}]},"3":{"line":56,"type":"if","locations":[{"start":{"line":56,"column":8},"end":{"line":56,"column":8}},{"start":{"line":56,"column":8},"end":{"line":56,"column":8}}]},"4":{"line":60,"type":"if","locations":[{"start":{"line":60,"column":8},"end":{"line":60,"column":8}},{"start":{"line":60,"column":8},"end":{"line":60,"column":8}}]}}},
"contracts/Mocks/TokenDistroMock.sol":{"l":{"19":107,"31":16,"35":341},"path":"/home/d1r/repos/Giveth/giv-token-contracts/contracts/Mocks/TokenDistroMock.sol","s":{"1":107,"2":16,"3":341},"b":{},"f":{"1":107,"2":16,"3":341},"fnMap":{"1":{"name":"constructor","line":10,"loc":{"start":{"line":10,"column":4},"end":{"line":28,"column":4}}},"2":{"name":"setTimestamp","line":30,"loc":{"start":{"line":30,"column":4},"end":{"line":32,"column":4}}},"3":{"name":"getTimestamp","line":34,"loc":{"start":{"line":34,"column":4},"end":{"line":36,"column":4}}}},"statementMap":{"1":{"start":{"line":19,"column":8},"end":{"line":19,"column":441}},"2":{"start":{"line":31,"column":8},"end":{"line":31,"column":35}},"3":{"start":{"line":35,"column":8},"end":{"line":35,"column":78}}},"branchMap":{}},
"contracts/Mocks/UniMock.sol":{"l":{},"path":"/home/d1r/repos/Giveth/giv-token-contracts/contracts/Mocks/UniMock.sol","s":{},"b":{},"f":{},"fnMap":{},"statementMap":{},"branchMap":{}},
"contracts/Mocks/UnipoolTokenDistributorMock.sol":{"l":{"15":18,"19":1,"23":105,"24":97,"26":8},"path":"/home/d1r/repos/Giveth/giv-token-contracts/contracts/Mocks/UnipoolTokenDistributorMock.sol","s":{"1":18,"2":1,"3":105,"4":97,"5":8},"b":{"1":[97,8]},"f":{"1":18,"2":1,"3":105},"fnMap":{"1":{"name":"constructor","line":10,"loc":{"start":{"line":10,"column":4},"end":{"line":16,"column":4}}},"2":{"name":"setFixedBlockTimestamp","line":18,"loc":{"start":{"line":18,"column":4},"end":{"line":20,"column":4}}},"3":{"name":"_getBlockTimestamp","line":22,"loc":{"start":{"line":22,"column":4},"end":{"line":27,"column":4}}}},"statementMap":{"1":{"start":{"line":15,"column":8},"end":{"line":15,"column":54}},"2":{"start":{"line":19,"column":8},"end":{"line":19,"column":35}},"3":{"start":{"line":23,"column":8},"end":{"line":23,"column":613}},"4":{"start":{"line":24,"column":12},"end":{"line":24,"column":34}},"5":{"start":{"line":26,"column":8},"end":{"line":26,"column":31}}},"branchMap":{"1":{"line":23,"type":"if","locations":[{"start":{"line":23,"column":8},"end":{"line":23,"column":8}},{"start":{"line":23,"column":8},"end":{"line":23,"column":8}}]}}},
"contracts/Mocks/UniswapV3RewardTokenMock.sol":{"l":{"9":27,"13":2},"path":"/home/d1r/repos/Giveth/giv-token-contracts/contracts/Mocks/UniswapV3RewardTokenMock.sol","s":{"1":27,"2":2},"b":{},"f":{"1":27,"2":2},"fnMap":{"1":{"name":"constructor","line":8,"loc":{"start":{"line":8,"column":4},"end":{"line":10,"column":4}}},"2":{"name":"setStakerAddress","line":12,"loc":{"start":{"line":12,"column":4},"end":{"line":14,"column":4}}}},"statementMap":{"1":{"start":{"line":9,"column":8},"end":{"line":9,"column":55}},"2":{"start":{"line":13,"column":8},"end":{"line":13,"column":39}}},"branchMap":{}},
"contracts/Mocks/UniswapV3StakerMock.sol":{"l":{"22":7,"26":11},"path":"/home/d1r/repos/Giveth/giv-token-contracts/contracts/Mocks/UniswapV3StakerMock.sol","s":{"1":7,"2":11},"b":{},"f":{"1":18,"2":7,"3":11},"fnMap":{"1":{"name":"constructor","line":19,"loc":{"start":{"line":19,"column":4},"end":{"line":19,"column":19}}},"2":{"name":"createIncentive","line":21,"loc":{"start":{"line":21,"column":4},"end":{"line":23,"column":4}}},"3":{"name":"claimRewardMock","line":25,"loc":{"start":{"line":25,"column":4},"end":{"line":27,"column":4}}}},"statementMap":{"1":{"start":{"line":22,"column":8},"end":{"line":22,"column":74}},"2":{"start":{"line":26,"column":8},"end":{"line":26,"column":51}}},"branchMap":{}},
"contracts/Mocks/Upgrades/GardenUnipoolTokenDistributorV2.sol":{"l":{"22":1},"path":"/home/d1r/repos/Giveth/giv-token-contracts/contracts/Mocks/Upgrades/GardenUnipoolTokenDistributorV2.sol","s":{"1":1},"b":{},"f":{"1":1},"fnMap":{"1":{"name":"checkUpgrade","line":7,"loc":{"start":{"line":7,"column":4},"end":{"line":33,"column":4}}}},"statementMap":{"1":{"start":{"line":22,"column":8},"end":{"line":22,"column":639}}},"branchMap":{}},
"contracts/Mocks/Upgrades/MerkleDistroV2.sol":{"l":{"17":1},"path":"/home/d1r/repos/Giveth/giv-token-contracts/contracts/Mocks/Upgrades/MerkleDistroV2.sol","s":{"1":1},"b":{},"f":{"1":1},"fnMap":{"1":{"name":"checkUpgrade","line":8,"loc":{"start":{"line":8,"column":4},"end":{"line":18,"column":4}}}},"statementMap":{"1":{"start":{"line":17,"column":8},"end":{"line":17,"column":46}}},"branchMap":{}},
"contracts/Mocks/Upgrades/TokenDistroV2.sol":{"l":{"22":1},"path":"/home/d1r/repos/Giveth/giv-token-contracts/contracts/Mocks/Upgrades/TokenDistroV2.sol","s":{"1":1},"b":{},"f":{"1":1},"fnMap":{"1":{"name":"checkUpgrade","line":7,"loc":{"start":{"line":7,"column":4},"end":{"line":33,"column":4}}}},"statementMap":{"1":{"start":{"line":22,"column":8},"end":{"line":22,"column":839}}},"branchMap":{}},
"contracts/Mocks/Upgrades/UnipoolTokenDistributorV2.sol":{"l":{"23":1},"path":"/home/d1r/repos/Giveth/giv-token-contracts/contracts/Mocks/Upgrades/UnipoolTokenDistributorV2.sol","s":{"1":1},"b":{},"f":{"1":1},"fnMap":{"1":{"name":"checkUpgrade","line":7,"loc":{"start":{"line":7,"column":4},"end":{"line":35,"column":4}}}},"statementMap":{"1":{"start":{"line":23,"column":8},"end":{"line":23,"column":659}}},"branchMap":{}},
"contracts/Mocks/Upgrades/UniswapV3RewardTokenV2.sol":{"l":{"21":1},"path":"/home/d1r/repos/Giveth/giv-token-contracts/contracts/Mocks/Upgrades/UniswapV3RewardTokenV2.sol","s":{"1":1},"b":{},"f":{"1":1},"fnMap":{"1":{"name":"checkUpgrade","line":8,"loc":{"start":{"line":8,"column":4},"end":{"line":30,"column":4}}}},"statementMap":{"1":{"start":{"line":21,"column":8},"end":{"line":21,"column":517}}},"branchMap":{}},
"contracts/TokenDistro/TokenDistro.sol":{"l":{"50":85,"55":81,"59":81,"83":110,"87":109,"91":108,"92":108,"94":108,"96":108,"97":108,"98":108,"99":108,"100":108,"101":108,"102":108,"103":108,"104":108,"115":0,"119":0,"124":0,"125":0,"126":0,"128":0,"141":37,"145":36,"150":35,"153":33,"157":33,"170":0,"180":10,"197":85,"202":82,"206":81,"210":81,"211":36,"214":81,"222":75,"237":6,"242":4,"243":10,"251":4,"258":4,"259":1,"271":5,"277":3,"283":1,"285":1,"287":1,"288":1,"290":1,"297":199,"311":237,"312":187,"313":158,"315":130,"316":130,"330":179,"334":178,"338":177,"341":177,"354":162,"369":6,"371":5,"376":4,"382":3,"388":2,"390":2,"392":2,"393":2,"395":2,"405":46,"407":46,"412":45,"416":45,"418":45},"path":"/home/d1r/repos/Giveth/giv-token-contracts/contracts/TokenDistro/TokenDistro.sol","s":{"1":85,"2":81,"3":110,"4":109,"5":108,"6":108,"7":108,"8":108,"9":108,"10":108,"11":108,"12":108,"13":108,"14":108,"15":108,"16":108,"17":0,"18":0,"19":0,"20":0,"21":0,"22":0,"23":37,"24":36,"25":35,"26":33,"27":33,"28":0,"29":10,"30":85,"31":82,"32":81,"33":81,"34":36,"35":81,"36":75,"37":6,"38":4,"39":10,"40":4,"41":4,"42":1,"43":5,"44":3,"45":1,"46":1,"47":1,"48":1,"49":1,"50":199,"51":237,"52":50,"53":187,"54":29,"55":158,"56":28,"57":130,"58":130,"59":179,"60":178,"61":177,"62":177,"63":162,"64":6,"65":5,"66":4,"67":3,"68":2,"69":2,"70":2,"71":2,"72":2,"73":46,"74":46,"75":45,"76":45,"77":45},"b":{"1":[81,4],"2":[81,0],"3":[109,1],"4":[108,1],"5":[0,0],"6":[0,0],"7":[36,1],"8":[35,1],"9":[82,3],"10":[36,45],"11":[4,2],"12":[3,2],"13":[1,2],"14":[50,187],"15":[29,158],"16":[28,130],"17":[178,1],"18":[177,1],"19":[5,1],"20":[4,1],"21":[3,1],"22":[2,1],"23":[45,1]},"f":{"1":85,"2":110,"3":0,"4":37,"5":0,"6":10,"7":85,"8":75,"9":6,"10":4,"11":4,"12":5,"13":199,"14":237,"15":179,"16":162,"17":6,"18":46},"fnMap":{"1":{"name":"onlyDistributor","line":49,"loc":{"start":{"line":49,"column":4},"end":{"line":60,"column":4}}},"2":{"name":"initialize","line":82,"loc":{"start":{"line":74,"column":4},"end":{"line":105,"column":4}}},"3":{"name":"setStartTime","line":114,"loc":{"start":{"line":114,"column":4},"end":{"line":129,"column":4}}},"4":{"name":"assign","line":140,"loc":{"start":{"line":140,"column":4},"end":{"line":158,"column":4}}},"5":{"name":"claimTo","line":166,"loc":{"start":{"line":166,"column":4},"end":{"line":171,"column":4}}},"6":{"name":"claim","line":179,"loc":{"start":{"line":179,"column":4},"end":{"line":181,"column":4}}},"7":{"name":"_allocate","line":192,"loc":{"start":{"line":192,"column":4},"end":{"line":215,"column":4}}},"8":{"name":"allocate","line":221,"loc":{"start":{"line":217,"column":4},"end":{"line":223,"column":4}}},"9":{"name":"_allocateMany","line":236,"loc":{"start":{"line":233,"column":4},"end":{"line":245,"column":4}}},"10":{"name":"allocateMany","line":247,"loc":{"start":{"line":247,"column":4},"end":{"line":252,"column":4}}},"11":{"name":"sendGIVbacks","line":254,"loc":{"start":{"line":254,"column":4},"end":{"line":260,"column":4}}},"12":{"name":"changeAddress","line":270,"loc":{"start":{"line":270,"column":4},"end":{"line":291,"column":4}}},"13":{"name":"getTimestamp","line":296,"loc":{"start":{"line":296,"column":4},"end":{"line":298,"column":4}}},"14":{"name":"globallyClaimableAt","line":305,"loc":{"start":{"line":305,"column":4},"end":{"line":317,"column":4}}},"15":{"name":"claimableAt","line":324,"loc":{"start":{"line":324,"column":4},"end":{"line":342,"column":4}}},"16":{"name":"claimableNow","line":348,"loc":{"start":{"line":348,"column":4},"end":{"line":355,"column":4}}},"17":{"name":"cancelAllocation","line":365,"loc":{"start":{"line":365,"column":4},"end":{"line":396,"column":4}}},"18":{"name":"_claim","line":404,"loc":{"start":{"line":404,"column":4},"end":{"line":419,"column":4}}}},"statementMap":{"1":{"start":{"line":50,"column":8},"end":{"line":50,"column":2155}},"2":{"start":{"line":55,"column":8},"end":{"line":55,"column":2301}},"3":{"start":{"line":83,"column":8},"end":{"line":83,"column":3562}},"4":{"start":{"line":87,"column":8},"end":{"line":87,"column":3694}},"5":{"start":{"line":91,"column":8},"end":{"line":91,"column":39}},"6":{"start":{"line":92,"column":8},"end":{"line":92,"column":49}},"7":{"start":{"line":94,"column":8},"end":{"line":94,"column":76}},"8":{"start":{"line":96,"column":8},"end":{"line":96,"column":21}},"9":{"start":{"line":97,"column":8},"end":{"line":97,"column":27}},"10":{"start":{"line":98,"column":8},"end":{"line":98,"column":29}},"11":{"start":{"line":99,"column":8},"end":{"line":99,"column":33}},"12":{"start":{"line":100,"column":8},"end":{"line":100,"column":37}},"13":{"start":{"line":101,"column":8},"end":{"line":101,"column":44}},"14":{"start":{"line":102,"column":8},"end":{"line":102,"column":51}},"15":{"start":{"line":103,"column":8},"end":{"line":103,"column":61}},"16":{"start":{"line":104,"column":8},"end":{"line":104,"column":31}},"17":{"start":{"line":115,"column":8},"end":{"line":115,"column":4666}},"18":{"start":{"line":119,"column":8},"end":{"line":119,"column":4798}},"19":{"start":{"line":124,"column":8},"end":{"line":124,"column":52}},"20":{"start":{"line":125,"column":8},"end":{"line":125,"column":31}},"21":{"start":{"line":126,"column":8},"end":{"line":126,"column":46}},"22":{"start":{"line":128,"column":8},"end":{"line":128,"column":51}},"23":{"start":{"line":141,"column":8},"end":{"line":141,"column":5726}},"24":{"start":{"line":145,"column":8},"end":{"line":145,"column":5858}},"25":{"start":{"line":150,"column":8},"end":{"line":150,"column":6008}},"26":{"start":{"line":153,"column":8},"end":{"line":153,"column":6132}},"27":{"start":{"line":157,"column":8},"end":{"line":157,"column":52}},"28":{"start":{"line":170,"column":8},"end":{"line":170,"column":22}},"29":{"start":{"line":180,"column":8},"end":{"line":180,"column":25}},"30":{"start":{"line":197,"column":8},"end":{"line":197,"column":7405}},"31":{"start":{"line":202,"column":8},"end":{"line":202,"column":7563}},"32":{"start":{"line":206,"column":8},"end":{"line":206,"column":7682}},"33":{"start":{"line":210,"column":8},"end":{"line":210,"column":7790}},"34":{"start":{"line":211,"column":12},"end":{"line":211,"column":28}},"35":{"start":{"line":214,"column":8},"end":{"line":214,"column":52}},"36":{"start":{"line":222,"column":8},"end":{"line":222,"column":42}},"37":{"start":{"line":237,"column":8},"end":{"line":237,"column":8674}},"38":{"start":{"line":242,"column":8},"end":{"line":242,"column":8816}},"39":{"start":{"line":243,"column":12},"end":{"line":243,"column":54}},"40":{"start":{"line":251,"column":8},"end":{"line":251,"column":41}},"41":{"start":{"line":258,"column":8},"end":{"line":258,"column":41}},"42":{"start":{"line":259,"column":8},"end":{"line":259,"column":36}},"43":{"start":{"line":271,"column":8},"end":{"line":271,"column":9679}},"44":{"start":{"line":277,"column":8},"end":{"line":277,"column":9881}},"45":{"start":{"line":283,"column":8},"end":{"line":283,"column":10118}},"46":{"start":{"line":285,"column":8},"end":{"line":285,"column":47}},"47":{"start":{"line":287,"column":8},"end":{"line":287,"column":66}},"48":{"start":{"line":288,"column":8},"end":{"line":288,"column":39}},"49":{"start":{"line":290,"column":8},"end":{"line":290,"column":50}},"50":{"start":{"line":297,"column":8},"end":{"line":297,"column":30}},"51":{"start":{"line":311,"column":8},"end":{"line":311,"column":43}},"52":{"start":{"line":311,"column":35},"end":{"line":311,"column":43}},"53":{"start":{"line":312,"column":8},"end":{"line":312,"column":55}},"54":{"start":{"line":312,"column":35},"end":{"line":312,"column":55}},"55":{"start":{"line":313,"column":8},"end":{"line":313,"column":64}},"56":{"start":{"line":313,"column":46},"end":{"line":313,"column":64}},"57":{"start":{"line":315,"column":8},"end":{"line":315,"column":49}},"58":{"start":{"line":316,"column":8},"end":{"line":316,"column":68}},"59":{"start":{"line":330,"column":8},"end":{"line":330,"column":11602}},"60":{"start":{"line":334,"column":8},"end":{"line":334,"column":11751}},"61":{"start":{"line":338,"column":8},"end":{"line":338,"column":11939}},"62":{"start":{"line":341,"column":8},"end":{"line":341,"column":59}},"63":{"start":{"line":354,"column":8},"end":{"line":354,"column":53}},"64":{"start":{"line":369,"column":8},"end":{"line":369,"column":75}},"65":{"start":{"line":371,"column":8},"end":{"line":371,"column":12981}},"66":{"start":{"line":376,"column":8},"end":{"line":376,"column":13124}},"67":{"start":{"line":382,"column":8},"end":{"line":382,"column":13333}},"68":{"start":{"line":388,"column":8},"end":{"line":388,"column":13578}},"69":{"start":{"line":390,"column":8},"end":{"line":390,"column":50}},"70":{"start":{"line":392,"column":8},"end":{"line":392,"column":71}},"71":{"start":{"line":393,"column":8},"end":{"line":393,"column":42}},"72":{"start":{"line":395,"column":8},"end":{"line":395,"column":55}},"73":{"start":{"line":405,"column":8},"end":{"line":405,"column":58}},"74":{"start":{"line":407,"column":8},"end":{"line":407,"column":14156}},"75":{"start":{"line":412,"column":8},"end":{"line":412,"column":14300}},"76":{"start":{"line":416,"column":8},"end":{"line":416,"column":54}},"77":{"start":{"line":418,"column":8},"end":{"line":418,"column":47}}},"branchMap":{"1":{"line":50,"type":"if","locations":[{"start":{"line":50,"column":8},"end":{"line":50,"column":8}},{"start":{"line":50,"column":8},"end":{"line":50,"column":8}}]},"2":{"line":55,"type":"if","locations":[{"start":{"line":55,"column":8},"end":{"line":55,"column":8}},{"start":{"line":55,"column":8},"end":{"line":55,"column":8}}]},"3":{"line":83,"type":"if","locations":[{"start":{"line":83,"column":8},"end":{"line":83,"column":8}},{"start":{"line":83,"column":8},"end":{"line":83,"column":8}}]},"4":{"line":87,"type":"if","locations":[{"start":{"line":87,"column":8},"end":{"line":87,"column":8}},{"start":{"line":87,"column":8},"end":{"line":87,"column":8}}]},"5":{"line":115,"type":"if","locations":[{"start":{"line":115,"column":8},"end":{"line":115,"column":8}},{"start":{"line":115,"column":8},"end":{"line":115,"column":8}}]},"6":{"line":119,"type":"if","locations":[{"start":{"line":119,"column":8},"end":{"line":119,"column":8}},{"start":{"line":119,"column":8},"end":{"line":119,"column":8}}]},"7":{"line":141,"type":"if","locations":[{"start":{"line":141,"column":8},"end":{"line":141,"column":8}},{"start":{"line":141,"column":8},"end":{"line":141,"column":8}}]},"8":{"line":145,"type":"if","locations":[{"start":{"line":145,"column":8},"end":{"line":145,"column":8}},{"start":{"line":145,"column":8},"end":{"line":145,"column":8}}]},"9":{"line":197,"type":"if","locations":[{"start":{"line":197,"column":8},"end":{"line":197,"column":8}},{"start":{"line":197,"column":8},"end":{"line":197,"column":8}}]},"10":{"line":210,"type":"if","locations":[{"start":{"line":210,"column":8},"end":{"line":210,"column":8}},{"start":{"line":210,"column":8},"end":{"line":210,"column":8}}]},"11":{"line":237,"type":"if","locations":[{"start":{"line":237,"column":8},"end":{"line":237,"column":8}},{"start":{"line":237,"column":8},"end":{"line":237,"column":8}}]},"12":{"line":271,"type":"if","locations":[{"start":{"line":271,"column":8},"end":{"line":271,"column":8}},{"start":{"line":271,"column":8},"end":{"line":271,"column":8}}]},"13":{"line":277,"type":"if","locations":[{"start":{"line":277,"column":8},"end":{"line":277,"column":8}},{"start":{"line":277,"column":8},"end":{"line":277,"column":8}}]},"14":{"line":311,"type":"if","locations":[{"start":{"line":311,"column":8},"end":{"line":311,"column":8}},{"start":{"line":311,"column":8},"end":{"line":311,"column":8}}]},"15":{"line":312,"type":"if","locations":[{"start":{"line":312,"column":8},"end":{"line":312,"column":8}},{"start":{"line":312,"column":8},"end":{"line":312,"column":8}}]},"16":{"line":313,"type":"if","locations":[{"start":{"line":313,"column":8},"end":{"line":313,"column":8}},{"start":{"line":313,"column":8},"end":{"line":313,"column":8}}]},"17":{"line":330,"type":"if","locations":[{"start":{"line":330,"column":8},"end":{"line":330,"column":8}},{"start":{"line":330,"column":8},"end":{"line":330,"column":8}}]},"18":{"line":334,"type":"if","locations":[{"start":{"line":334,"column":8},"end":{"line":334,"column":8}},{"start":{"line":334,"column":8},"end":{"line":334,"column":8}}]},"19":{"line":369,"type":"if","locations":[{"start":{"line":369,"column":8},"end":{"line":369,"column":8}},{"start":{"line":369,"column":8},"end":{"line":369,"column":8}}]},"20":{"line":371,"type":"if","locations":[{"start":{"line":371,"column":8},"end":{"line":371,"column":8}},{"start":{"line":371,"column":8},"end":{"line":371,"column":8}}]},"21":{"line":376,"type":"if","locations":[{"start":{"line":376,"column":8},"end":{"line":376,"column":8}},{"start":{"line":376,"column":8},"end":{"line":376,"column":8}}]},"22":{"line":382,"type":"if","locations":[{"start":{"line":382,"column":8},"end":{"line":382,"column":8}},{"start":{"line":382,"column":8},"end":{"line":382,"column":8}}]},"23":{"line":407,"type":"if","locations":[{"start":{"line":407,"column":8},"end":{"line":407,"column":8}},{"start":{"line":407,"column":8},"end":{"line":407,"column":8}}]}}},
"contracts/Tokens/BridgeToken.sol":{"l":{"36":0,"37":0,"40":0,"41":0,"42":0,"52":0,"59":0,"60":0,"67":0,"68":0,"69":0,"92":0,"101":0,"102":0,"104":0,"105":0,"106":0,"107":0,"116":0,"136":0,"140":0,"144":0,"145":0,"146":0,"147":0,"205":0,"206":0,"207":0,"209":0,"210":0,"211":0,"212":0,"213":0,"226":0,"227":0,"228":0,"242":0,"258":0,"261":0,"262":0,"278":0,"279":0,"280":0,"282":0,"284":0,"285":0,"312":0,"319":0,"320":0,"330":0,"331":0,"339":0,"347":0,"348":0,"349":0,"369":0,"370":0,"374":0,"375":0,"390":0,"391":0,"392":0,"393":0,"394":0,"402":0,"403":0,"404":0,"428":0,"429":0,"430":0,"450":0,"458":0,"461":0,"510":0,"529":0,"530":0,"543":0,"545":0,"549":0,"550":0,"552":0,"557":0,"558":0,"562":0,"563":0,"564":0,"572":0,"573":0,"574":0,"575":0,"595":0,"596":0,"631":0,"635":0,"636":0,"640":0,"642":0,"650":0,"651":0,"653":0,"654":0,"656":0,"668":0,"675":0,"679":0,"680":0,"681":0,"689":0,"690":0,"691":0,"699":0,"703":0,"704":0,"709":0,"725":0,"732":0,"736":0,"744":0,"751":0,"758":0,"784":0,"785":0,"811":0,"812":0,"814":0,"815":0,"816":0,"818":0,"819":0,"821":0,"824":0,"825":0,"833":0,"843":0,"844":0,"851":0,"859":0,"871":0,"896":0,"897":0,"898":0,"900":0,"917":0,"918":0,"920":0,"922":0,"923":0,"925":0,"929":0,"942":0},"path":"/home/d1r/repos/Giveth/giv-token-contracts/contracts/Tokens/BridgeToken.sol","s":{"1":0,"2":0,"3":0,"4":0,"5":0,"6":0,"7":0,"8":0,"9":0,"10":0,"11":0,"12":0,"13":0,"14":0,"15":0,"16":0,"17":0,"18":0,"19":0,"20":0,"21":0,"22":0,"23":0,"24":0,"25":0,"26":0,"27":0,"28":0,"29":0,"30":0,"31":0,"32":0,"33":0,"34":0,"35":0,"36":0,"37":0,"38":0,"39":0,"40":0,"41":0,"42":0,"43":0,"44":0,"45":0,"46":0,"47":0,"48":0,"49":0,"50":0,"51":0,"52":0,"53":0,"54":0,"55":0,"56":0,"57":0,"58":0,"59":0,"60":0,"61":0,"62":0,"63":0,"64":0,"65":0,"66":0,"67":0,"68":0,"69":0,"70":0,"71":0,"72":0,"73":0,"74":0,"75":0,"76":0,"77":0,"78":0,"79":0,"80":0,"81":0,"82":0,"83":0,"84":0,"85":0,"86":0,"87":0,"88":0,"89":0,"90":0,"91":0,"92":0,"93":0,"94":0,"95":0,"96":0,"97":0,"98":0,"99":0,"100":0,"101":0,"102":0,"103":0,"104":0,"105":0,"106":0,"107":0,"108":0,"109":0,"110":0,"111":0,"112":0,"113":0,"114":0,"115":0,"116":0,"117":0,"118":0,"119":0,"120":0,"121":0,"122":0,"123":0,"124":0,"125":0,"126":0,"127":0,"128":0,"129":0,"130":0,"131":0,"132":0,"133":0,"134":0,"135":0,"136":0,"137":0,"138":0,"139":0,"140":0,"141":0,"142":0,"143":0},"b":{"1":[0,0],"2":[0,0],"3":[0,0],"4":[0,0],"5":[0,0],"6":[0,0],"7":[0,0],"8":[0,0],"9":[0,0],"10":[0,0],"11":[0,0],"12":[0,0],"13":[0,0],"14":[0,0],"15":[0,0],"16":[0,0],"17":[0,0],"18":[0,0],"19":[0,0],"20":[0,0],"21":[0,0],"22":[0,0],"23":[0,0],"24":[0,0],"25":[0,0],"26":[0,0],"27":[0,0],"28":[0,0],"29":[0,0],"30":[0,0],"31":[0,0],"32":[0,0],"33":[0,0],"34":[0,0],"35":[0,0],"36":[0,0],"37":[0,0]},"f":{"1":0,"2":0,"3":0,"4":0,"5":0,"6":0,"7":0,"8":0,"9":0,"10":0,"11":0,"12":0,"13":0,"14":0,"15":0,"16":0,"17":0,"18":0,"19":0,"20":0,"21":0,"22":0,"23":0,"24":0,"25":0,"26":0,"27":0,"28":0,"29":0,"30":0,"31":0,"32":0,"33":0,"34":0,"35":0,"36":0,"37":0,"38":0,"39":0,"40":0,"41":0,"42":0,"43":0,"44":0,"45":0,"46":0,"47":0,"48":0,"49":0,"50":0,"51":0,"52":0,"53":0,"54":0,"55":0,"56":0,"57":0},"fnMap":{"1":{"name":"mul","line":32,"loc":{"start":{"line":32,"column":4},"end":{"line":43,"column":4}}},"2":{"name":"div","line":48,"loc":{"start":{"line":48,"column":4},"end":{"line":53,"column":4}}},"3":{"name":"sub","line":58,"loc":{"start":{"line":58,"column":4},"end":{"line":61,"column":4}}},"4":{"name":"add","line":66,"loc":{"start":{"line":66,"column":4},"end":{"line":70,"column":4}}},"5":{"name":"totalSupply","line":91,"loc":{"start":{"line":91,"column":4},"end":{"line":93,"column":4}}},"6":{"name":"transfer","line":100,"loc":{"start":{"line":100,"column":4},"end":{"line":108,"column":4}}},"7":{"name":"balanceOf","line":115,"loc":{"start":{"line":115,"column":4},"end":{"line":117,"column":4}}},"8":{"name":"burn","line":135,"loc":{"start":{"line":135,"column":4},"end":{"line":137,"column":4}}},"9":{"name":"_burn","line":139,"loc":{"start":{"line":139,"column":4},"end":{"line":148,"column":4}}},"10":{"name":"transferFrom","line":200,"loc":{"start":{"line":200,"column":4},"end":{"line":214,"column":4}}},"11":{"name":"approve","line":225,"loc":{"start":{"line":225,"column":4},"end":{"line":229,"column":4}}},"12":{"name":"allowance","line":237,"loc":{"start":{"line":237,"column":4},"end":{"line":243,"column":4}}},"13":{"name":"increaseApproval","line":254,"loc":{"start":{"line":254,"column":4},"end":{"line":263,"column":4}}},"14":{"name":"decreaseApproval","line":274,"loc":{"start":{"line":274,"column":4},"end":{"line":286,"column":4}}},"15":{"name":"constructor","line":311,"loc":{"start":{"line":311,"column":4},"end":{"line":313,"column":4}}},"16":{"name":"onlyOwner","line":318,"loc":{"start":{"line":318,"column":4},"end":{"line":321,"column":4}}},"17":{"name":"renounceOwnership","line":329,"loc":{"start":{"line":329,"column":4},"end":{"line":332,"column":4}}},"18":{"name":"transferOwnership","line":338,"loc":{"start":{"line":338,"column":4},"end":{"line":340,"column":4}}},"19":{"name":"_transferOwnership","line":346,"loc":{"start":{"line":346,"column":4},"end":{"line":350,"column":4}}},"20":{"name":"canMint","line":368,"loc":{"start":{"line":368,"column":4},"end":{"line":371,"column":4}}},"21":{"name":"hasMintPermission","line":373,"loc":{"start":{"line":373,"column":4},"end":{"line":376,"column":4}}},"22":{"name":"mint","line":387,"loc":{"start":{"line":384,"column":4},"end":{"line":395,"column":4}}},"23":{"name":"finishMinting","line":401,"loc":{"start":{"line":401,"column":4},"end":{"line":405,"column":4}}},"24":{"name":"constructor","line":423,"loc":{"start":{"line":423,"column":4},"end":{"line":431,"column":4}}},"25":{"name":"isContract","line":449,"loc":{"start":{"line":449,"column":4},"end":{"line":462,"column":4}}},"26":{"name":"constructor","line":509,"loc":{"start":{"line":509,"column":4},"end":{"line":511,"column":4}}},"27":{"name":"safeSendValue","line":528,"loc":{"start":{"line":528,"column":4},"end":{"line":532,"column":4}}},"28":{"name":"validAddress","line":542,"loc":{"start":{"line":542,"column":4},"end":{"line":546,"column":4}}},"29":{"name":"claimValues","line":548,"loc":{"start":{"line":548,"column":4},"end":{"line":554,"column":4}}},"30":{"name":"claimNativeCoins","line":556,"loc":{"start":{"line":556,"column":4},"end":{"line":559,"column":4}}},"31":{"name":"claimErc20Tokens","line":561,"loc":{"start":{"line":561,"column":4},"end":{"line":565,"column":4}}},"32":{"name":"safeTransfer","line":567,"loc":{"start":{"line":567,"column":4},"end":{"line":598,"column":4}}},"33":{"name":"constructor","line":626,"loc":{"start":{"line":622,"column":4},"end":{"line":628,"column":4}}},"34":{"name":"bridgeContract","line":630,"loc":{"start":{"line":630,"column":4},"end":{"line":632,"column":4}}},"35":{"name":"setBridgeContract","line":634,"loc":{"start":{"line":634,"column":4},"end":{"line":637,"column":4}}},"36":{"name":"validRecipient","line":639,"loc":{"start":{"line":639,"column":4},"end":{"line":643,"column":4}}},"37":{"name":"transferAndCall","line":649,"loc":{"start":{"line":645,"column":4},"end":{"line":657,"column":4}}},"38":{"name":"getTokenInterfacesVersion","line":659,"loc":{"start":{"line":659,"column":4},"end":{"line":669,"column":4}}},"39":{"name":"superTransfer","line":671,"loc":{"start":{"line":671,"column":4},"end":{"line":676,"column":4}}},"40":{"name":"transfer","line":678,"loc":{"start":{"line":678,"column":4},"end":{"line":682,"column":4}}},"41":{"name":"transferFrom","line":684,"loc":{"start":{"line":684,"column":4},"end":{"line":692,"column":4}}},"42":{"name":"callAfterTransfer","line":694,"loc":{"start":{"line":694,"column":4},"end":{"line":706,"column":4}}},"43":{"name":"isBridge","line":708,"loc":{"start":{"line":708,"column":4},"end":{"line":710,"column":4}}},"44":{"name":"contractFallback","line":719,"loc":{"start":{"line":719,"column":4},"end":{"line":729,"column":4}}},"45":{"name":"finishMinting","line":731,"loc":{"start":{"line":731,"column":4},"end":{"line":733,"column":4}}},"46":{"name":"renounceOwnership","line":735,"loc":{"start":{"line":735,"column":4},"end":{"line":737,"column":4}}},"47":{"name":"claimTokens","line":742,"loc":{"start":{"line":739,"column":4},"end":{"line":745,"column":4}}},"48":{"name":"increaseAllowance","line":747,"loc":{"start":{"line":747,"column":4},"end":{"line":752,"column":4}}},"49":{"name":"decreaseAllowance","line":754,"loc":{"start":{"line":754,"column":4},"end":{"line":759,"column":4}}},"50":{"name":"constructor","line":783,"loc":{"start":{"line":778,"column":4},"end":{"line":796,"column":4}}},"51":{"name":"transferFrom","line":806,"loc":{"start":{"line":806,"column":4},"end":{"line":845,"column":4}}},"52":{"name":"push","line":850,"loc":{"start":{"line":850,"column":4},"end":{"line":852,"column":4}}},"53":{"name":"pull","line":858,"loc":{"start":{"line":858,"column":4},"end":{"line":860,"column":4}}},"54":{"name":"move","line":866,"loc":{"start":{"line":866,"column":4},"end":{"line":872,"column":4}}},"55":{"name":"permit","line":886,"loc":{"start":{"line":886,"column":4},"end":{"line":926,"column":4}}},"56":{"name":"_now","line":928,"loc":{"start":{"line":928,"column":4},"end":{"line":930,"column":4}}},"57":{"name":"getTokenInterfacesVersion","line":933,"loc":{"start":{"line":933,"column":4},"end":{"line":943,"column":4}}}},"statementMap":{"1":{"start":{"line":36,"column":8},"end":{"line":36,"column":1101}},"2":{"start":{"line":37,"column":12},"end":{"line":37,"column":20}},"3":{"start":{"line":40,"column":8},"end":{"line":40,"column":18}},"4":{"start":{"line":41,"column":8},"end":{"line":41,"column":27}},"5":{"start":{"line":42,"column":8},"end":{"line":42,"column":16}},"6":{"start":{"line":52,"column":8},"end":{"line":52,"column":22}},"7":{"start":{"line":59,"column":8},"end":{"line":59,"column":23}},"8":{"start":{"line":60,"column":8},"end":{"line":60,"column":22}},"9":{"start":{"line":67,"column":8},"end":{"line":67,"column":18}},"10":{"start":{"line":68,"column":8},"end":{"line":68,"column":22}},"11":{"start":{"line":69,"column":8},"end":{"line":69,"column":16}},"12":{"start":{"line":92,"column":8},"end":{"line":92,"column":27}},"13":{"start":{"line":101,"column":8},"end":{"line":101,"column":46}},"14":{"start":{"line":102,"column":8},"end":{"line":102,"column":33}},"15":{"start":{"line":104,"column":8},"end":{"line":104,"column":62}},"16":{"start":{"line":105,"column":8},"end":{"line":105,"column":48}},"17":{"start":{"line":106,"column":8},"end":{"line":106,"column":46}},"18":{"start":{"line":107,"column":8},"end":{"line":107,"column":19}},"19":{"start":{"line":116,"column":8},"end":{"line":116,"column":31}},"20":{"start":{"line":136,"column":8},"end":{"line":136,"column":32}},"21":{"start":{"line":140,"column":8},"end":{"line":140,"column":40}},"22":{"start":{"line":144,"column":8},"end":{"line":144,"column":50}},"23":{"start":{"line":145,"column":8},"end":{"line":145,"column":46}},"24":{"start":{"line":146,"column":8},"end":{"line":146,"column":31}},"25":{"start":{"line":147,"column":8},"end":{"line":147,"column":47}},"26":{"start":{"line":205,"column":8},"end":{"line":205,"column":41}},"27":{"start":{"line":206,"column":8},"end":{"line":206,"column":52}},"28":{"start":{"line":207,"column":8},"end":{"line":207,"column":33}},"29":{"start":{"line":209,"column":8},"end":{"line":209,"column":52}},"30":{"start":{"line":210,"column":8},"end":{"line":210,"column":48}},"31":{"start":{"line":211,"column":8},"end":{"line":211,"column":74}},"32":{"start":{"line":212,"column":8},"end":{"line":212,"column":41}},"33":{"start":{"line":213,"column":8},"end":{"line":213,"column":19}},"34":{"start":{"line":226,"column":8},"end":{"line":226,"column":45}},"35":{"start":{"line":227,"column":8},"end":{"line":227,"column":51}},"36":{"start":{"line":228,"column":8},"end":{"line":228,"column":19}},"37":{"start":{"line":242,"column":8},"end":{"line":242,"column":40}},"38":{"start":{"line":258,"column":8},"end":{"line":258,"column":8220}},"39":{"start":{"line":261,"column":8},"end":{"line":261,"column":74}},"40":{"start":{"line":262,"column":8},"end":{"line":262,"column":19}},"41":{"start":{"line":278,"column":8},"end":{"line":278,"column":56}},"42":{"start":{"line":279,"column":8},"end":{"line":279,"column":9083}},"43":{"start":{"line":280,"column":12},"end":{"line":280,"column":44}},"44":{"start":{"line":282,"column":12},"end":{"line":282,"column":73}},"45":{"start":{"line":284,"column":8},"end":{"line":284,"column":74}},"46":{"start":{"line":285,"column":8},"end":{"line":285,"column":19}},"47":{"start":{"line":312,"column":8},"end":{"line":312,"column":25}},"48":{"start":{"line":319,"column":8},"end":{"line":319,"column":35}},"49":{"start":{"line":330,"column":8},"end":{"line":330,"column":38}},"50":{"start":{"line":331,"column":8},"end":{"line":331,"column":25}},"51":{"start":{"line":339,"column":8},"end":{"line":339,"column":36}},"52":{"start":{"line":347,"column":8},"end":{"line":347,"column":39}},"53":{"start":{"line":348,"column":8},"end":{"line":348,"column":51}},"54":{"start":{"line":349,"column":8},"end":{"line":349,"column":24}},"55":{"start":{"line":369,"column":8},"end":{"line":369,"column":32}},"56":{"start":{"line":374,"column":8},"end":{"line":374,"column":35}},"57":{"start":{"line":390,"column":8},"end":{"line":390,"column":47}},"58":{"start":{"line":391,"column":8},"end":{"line":391,"column":49}},"59":{"start":{"line":392,"column":8},"end":{"line":392,"column":31}},"60":{"start":{"line":393,"column":8},"end":{"line":393,"column":47}},"61":{"start":{"line":394,"column":8},"end":{"line":394,"column":19}},"62":{"start":{"line":402,"column":8},"end":{"line":402,"column":29}},"63":{"start":{"line":403,"column":8},"end":{"line":403,"column":27}},"64":{"start":{"line":404,"column":8},"end":{"line":404,"column":19}},"65":{"start":{"line":428,"column":8},"end":{"line":428,"column":19}},"66":{"start":{"line":429,"column":8},"end":{"line":429,"column":23}},"67":{"start":{"line":430,"column":8},"end":{"line":430,"column":27}},"68":{"start":{"line":450,"column":8},"end":{"line":450,"column":20}},"69":{"start":{"line":461,"column":8},"end":{"line":461,"column":23}},"70":{"start":{"line":510,"column":8},"end":{"line":510,"column":31}},"71":{"start":{"line":529,"column":8},"end":{"line":529,"column":16121}},"72":{"start":{"line":530,"column":12},"end":{"line":530,"column":40}},"73":{"start":{"line":543,"column":8},"end":{"line":543,"column":33}},"74":{"start":{"line":549,"column":8},"end":{"line":549,"column":16610}},"75":{"start":{"line":550,"column":12},"end":{"line":550,"column":32}},"76":{"start":{"line":552,"column":12},"end":{"line":552,"column":40}},"77":{"start":{"line":557,"column":8},"end":{"line":557,"column":45}},"78":{"start":{"line":558,"column":8},"end":{"line":558,"column":40}},"79":{"start":{"line":562,"column":8},"end":{"line":562,"column":45}},"80":{"start":{"line":563,"column":8},"end":{"line":563,"column":47}},"81":{"start":{"line":564,"column":8},"end":{"line":564,"column":41}},"82":{"start":{"line":572,"column":8},"end":{"line":572,"column":31}},"83":{"start":{"line":573,"column":8},"end":{"line":573,"column":29}},"84":{"start":{"line":574,"column":8},"end":{"line":574,"column":77}},"85":{"start":{"line":595,"column":8},"end":{"line":595,"column":17833}},"86":{"start":{"line":596,"column":12},"end":{"line":596,"column":36}},"87":{"start":{"line":631,"column":8},"end":{"line":631,"column":33}},"88":{"start":{"line":635,"column":8},"end":{"line":635,"column":56}},"89":{"start":{"line":636,"column":8},"end":{"line":636,"column":43}},"90":{"start":{"line":640,"column":8},"end":{"line":640,"column":71}},"91":{"start":{"line":650,"column":8},"end":{"line":650,"column":42}},"92":{"start":{"line":651,"column":8},"end":{"line":651,"column":53}},"93":{"start":{"line":653,"column":8},"end":{"line":653,"column":19392}},"94":{"start":{"line":654,"column":12},"end":{"line":654,"column":68}},"95":{"start":{"line":656,"column":8},"end":{"line":656,"column":19}},"96":{"start":{"line":668,"column":8},"end":{"line":668,"column":24}},"97":{"start":{"line":675,"column":8},"end":{"line":675,"column":42}},"98":{"start":{"line":679,"column":8},"end":{"line":679,"column":42}},"99":{"start":{"line":680,"column":8},"end":{"line":680,"column":49}},"100":{"start":{"line":681,"column":8},"end":{"line":681,"column":19}},"101":{"start":{"line":689,"column":8},"end":{"line":689,"column":54}},"102":{"start":{"line":690,"column":8},"end":{"line":690,"column":44}},"103":{"start":{"line":691,"column":8},"end":{"line":691,"column":19}},"104":{"start":{"line":699,"column":8},"end":{"line":699,"column":20485}},"105":{"start":{"line":703,"column":12},"end":{"line":703,"column":34}},"106":{"start":{"line":704,"column":12},"end":{"line":704,"column":63}},"107":{"start":{"line":709,"column":8},"end":{"line":709,"column":45}},"108":{"start":{"line":725,"column":8},"end":{"line":725,"column":21301}},"109":{"start":{"line":732,"column":8},"end":{"line":732,"column":15}},"110":{"start":{"line":736,"column":8},"end":{"line":736,"column":15}},"111":{"start":{"line":744,"column":8},"end":{"line":744,"column":31}},"112":{"start":{"line":751,"column":8},"end":{"line":751,"column":58}},"113":{"start":{"line":758,"column":8},"end":{"line":758,"column":63}},"114":{"start":{"line":784,"column":8},"end":{"line":784,"column":29}},"115":{"start":{"line":785,"column":8},"end":{"line":785,"column":22944}},"116":{"start":{"line":811,"column":8},"end":{"line":811,"column":37}},"117":{"start":{"line":812,"column":8},"end":{"line":812,"column":40}},"118":{"start":{"line":814,"column":8},"end":{"line":814,"column":57}},"119":{"start":{"line":815,"column":8},"end":{"line":815,"column":63}},"120":{"start":{"line":816,"column":8},"end":{"line":816,"column":51}},"121":{"start":{"line":818,"column":8},"end":{"line":818,"column":24235}},"122":{"start":{"line":819,"column":12},"end":{"line":819,"column":66}},"123":{"start":{"line":821,"column":12},"end":{"line":821,"column":24349}},"124":{"start":{"line":824,"column":16},"end":{"line":824,"column":72}},"125":{"start":{"line":825,"column":16},"end":{"line":825,"column":24606}},"126":{"start":{"line":833,"column":16},"end":{"line":833,"column":24979}},"127":{"start":{"line":843,"column":8},"end":{"line":843,"column":54}},"128":{"start":{"line":844,"column":8},"end":{"line":844,"column":19}},"129":{"start":{"line":851,"column":8},"end":{"line":851,"column":45}},"130":{"start":{"line":859,"column":8},"end":{"line":859,"column":47}},"131":{"start":{"line":871,"column":8},"end":{"line":871,"column":40}},"132":{"start":{"line":896,"column":8},"end":{"line":896,"column":37}},"133":{"start":{"line":897,"column":8},"end":{"line":897,"column":38}},"134":{"start":{"line":898,"column":8},"end":{"line":898,"column":49}},"135":{"start":{"line":900,"column":8},"end":{"line":900,"column":27503}},"136":{"start":{"line":917,"column":8},"end":{"line":917,"column":74}},"137":{"start":{"line":918,"column":8},"end":{"line":918,"column":58}},"138":{"start":{"line":920,"column":8},"end":{"line":920,"column":51}},"139":{"start":{"line":922,"column":8},"end":{"line":922,"column":42}},"140":{"start":{"line":923,"column":8},"end":{"line":923,"column":62}},"141":{"start":{"line":925,"column":8},"end":{"line":925,"column":48}},"142":{"start":{"line":929,"column":8},"end":{"line":929,"column":18}},"143":{"start":{"line":942,"column":8},"end":{"line":942,"column":24}}},"branchMap":{"1":{"line":36,"type":"if","locations":[{"start":{"line":36,"column":8},"end":{"line":36,"column":8}},{"start":{"line":36,"column":8},"end":{"line":36,"column":8}}]},"2":{"line":101,"type":"if","locations":[{"start":{"line":101,"column":8},"end":{"line":101,"column":8}},{"start":{"line":101,"column":8},"end":{"line":101,"column":8}}]},"3":{"line":102,"type":"if","locations":[{"start":{"line":102,"column":8},"end":{"line":102,"column":8}},{"start":{"line":102,"column":8},"end":{"line":102,"column":8}}]},"4":{"line":140,"type":"if","locations":[{"start":{"line":140,"column":8},"end":{"line":140,"column":8}},{"start":{"line":140,"column":8},"end":{"line":140,"column":8}}]},"5":{"line":205,"type":"if","locations":[{"start":{"line":205,"column":8},"end":{"line":205,"column":8}},{"start":{"line":205,"column":8},"end":{"line":205,"column":8}}]},"6":{"line":206,"type":"if","locations":[{"start":{"line":206,"column":8},"end":{"line":206,"column":8}},{"start":{"line":206,"column":8},"end":{"line":206,"column":8}}]},"7":{"line":207,"type":"if","locations":[{"start":{"line":207,"column":8},"end":{"line":207,"column":8}},{"start":{"line":207,"column":8},"end":{"line":207,"column":8}}]},"8":{"line":279,"type":"if","locations":[{"start":{"line":279,"column":8},"end":{"line":279,"column":8}},{"start":{"line":279,"column":8},"end":{"line":279,"column":8}}]},"9":{"line":319,"type":"if","locations":[{"start":{"line":319,"column":8},"end":{"line":319,"column":8}},{"start":{"line":319,"column":8},"end":{"line":319,"column":8}}]},"10":{"line":347,"type":"if","locations":[{"start":{"line":347,"column":8},"end":{"line":347,"column":8}},{"start":{"line":347,"column":8},"end":{"line":347,"column":8}}]},"11":{"line":369,"type":"if","locations":[{"start":{"line":369,"column":8},"end":{"line":369,"column":8}},{"start":{"line":369,"column":8},"end":{"line":369,"column":8}}]},"12":{"line":374,"type":"if","locations":[{"start":{"line":374,"column":8},"end":{"line":374,"column":8}},{"start":{"line":374,"column":8},"end":{"line":374,"column":8}}]},"13":{"line":529,"type":"if","locations":[{"start":{"line":529,"column":8},"end":{"line":529,"column":8}},{"start":{"line":529,"column":8},"end":{"line":529,"column":8}}]},"14":{"line":543,"type":"if","locations":[{"start":{"line":543,"column":8},"end":{"line":543,"column":8}},{"start":{"line":543,"column":8},"end":{"line":543,"column":8}}]},"15":{"line":549,"type":"if","locations":[{"start":{"line":549,"column":8},"end":{"line":549,"column":8}},{"start":{"line":549,"column":8},"end":{"line":549,"column":8}}]},"16":{"line":595,"type":"if","locations":[{"start":{"line":595,"column":8},"end":{"line":595,"column":8}},{"start":{"line":595,"column":8},"end":{"line":595,"column":8}}]},"17":{"line":596,"type":"if","locations":[{"start":{"line":596,"column":12},"end":{"line":596,"column":12}},{"start":{"line":596,"column":12},"end":{"line":596,"column":12}}]},"18":{"line":635,"type":"if","locations":[{"start":{"line":635,"column":8},"end":{"line":635,"column":8}},{"start":{"line":635,"column":8},"end":{"line":635,"column":8}}]},"19":{"line":640,"type":"if","locations":[{"start":{"line":640,"column":8},"end":{"line":640,"column":8}},{"start":{"line":640,"column":8},"end":{"line":640,"column":8}}]},"20":{"line":650,"type":"if","locations":[{"start":{"line":650,"column":8},"end":{"line":650,"column":8}},{"start":{"line":650,"column":8},"end":{"line":650,"column":8}}]},"21":{"line":653,"type":"if","locations":[{"start":{"line":653,"column":8},"end":{"line":653,"column":8}},{"start":{"line":653,"column":8},"end":{"line":653,"column":8}}]},"22":{"line":654,"type":"if","locations":[{"start":{"line":654,"column":12},"end":{"line":654,"column":12}},{"start":{"line":654,"column":12},"end":{"line":654,"column":12}}]},"23":{"line":679,"type":"if","locations":[{"start":{"line":679,"column":8},"end":{"line":679,"column":8}},{"start":{"line":679,"column":8},"end":{"line":679,"column":8}}]},"24":{"line":689,"type":"if","locations":[{"start":{"line":689,"column":8},"end":{"line":689,"column":8}},{"start":{"line":689,"column":8},"end":{"line":689,"column":8}}]},"25":{"line":699,"type":"if","locations":[{"start":{"line":699,"column":8},"end":{"line":699,"column":8}},{"start":{"line":699,"column":8},"end":{"line":699,"column":8}}]},"26":{"line":703,"type":"if","locations":[{"start":{"line":703,"column":12},"end":{"line":703,"column":12}},{"start":{"line":703,"column":12},"end":{"line":703,"column":12}}]},"27":{"line":784,"type":"if","locations":[{"start":{"line":784,"column":8},"end":{"line":784,"column":8}},{"start":{"line":784,"column":8},"end":{"line":784,"column":8}}]},"28":{"line":811,"type":"if","locations":[{"start":{"line":811,"column":8},"end":{"line":811,"column":8}},{"start":{"line":811,"column":8},"end":{"line":811,"column":8}}]},"29":{"line":812,"type":"if","locations":[{"start":{"line":812,"column":8},"end":{"line":812,"column":8}},{"start":{"line":812,"column":8},"end":{"line":812,"column":8}}]},"30":{"line":818,"type":"if","locations":[{"start":{"line":818,"column":8},"end":{"line":818,"column":8}},{"start":{"line":818,"column":8},"end":{"line":818,"column":8}}]},"31":{"line":821,"type":"if","locations":[{"start":{"line":821,"column":12},"end":{"line":821,"column":12}},{"start":{"line":821,"column":12},"end":{"line":821,"column":12}}]},"32":{"line":833,"type":"if","locations":[{"start":{"line":833,"column":16},"end":{"line":833,"column":16}},{"start":{"line":833,"column":16},"end":{"line":833,"column":16}}]},"33":{"line":896,"type":"if","locations":[{"start":{"line":896,"column":8},"end":{"line":896,"column":8}},{"start":{"line":896,"column":8},"end":{"line":896,"column":8}}]},"34":{"line":897,"type":"if","locations":[{"start":{"line":897,"column":8},"end":{"line":897,"column":8}},{"start":{"line":897,"column":8},"end":{"line":897,"column":8}}]},"35":{"line":898,"type":"if","locations":[{"start":{"line":898,"column":8},"end":{"line":898,"column":8}},{"start":{"line":898,"column":8},"end":{"line":898,"column":8}}]},"36":{"line":917,"type":"if","locations":[{"start":{"line":917,"column":8},"end":{"line":917,"column":8}},{"start":{"line":917,"column":8},"end":{"line":917,"column":8}}]},"37":{"line":918,"type":"if","locations":[{"start":{"line":918,"column":8},"end":{"line":918,"column":8}},{"start":{"line":918,"column":8},"end":{"line":918,"column":8}}]}}},
[...]
ntracts/UniswapV3Staker/test/TestERC20.sol","s":{"1":24,"2":24,"3":24,"4":24,"5":63,"6":63,"7":63,"8":63,"9":63,"10":63,"11":63,"12":63,"13":48,"14":48,"15":48,"16":18,"17":18,"18":18,"19":18,"20":18,"21":18,"22":18,"23":18,"24":18,"25":18,"26":18},"b":{"1":[24,0],"2":[63,0],"3":[63,0],"4":[18,0],"5":[18,0],"6":[18,0]},"f":{"1":24,"2":24,"3":63,"4":48,"5":18},"fnMap":{"1":{"name":"constructor","line":11,"loc":{"start":{"line":11,"column":4},"end":{"line":13,"column":4}}},"2":{"name":"mint","line":15,"loc":{"start":{"line":15,"column":4},"end":{"line":19,"column":4}}},"3":{"name":"transfer","line":21,"loc":{"start":{"line":21,"column":4},"end":{"line":39,"column":4}}},"4":{"name":"approve","line":41,"loc":{"start":{"line":41,"column":4},"end":{"line":49,"column":4}}},"5":{"name":"transferFrom","line":51,"loc":{"start":{"line":51,"column":4},"end":{"line":73,"column":4}}}},"statementMap":{"1":{"start":{"line":12,"column":8},"end":{"line":12,"column":37}},"2":{"start":{"line":16,"column":8},"end":{"line":16,"column":52}},"3":{"start":{"line":17,"column":8},"end":{"line":17,"column":57}},"4":{"start":{"line":18,"column":8},"end":{"line":18,"column":34}},"5":{"start":{"line":26,"column":8},"end":{"line":26,"column":53}},"6":{"start":{"line":27,"column":8},"end":{"line":27,"column":63}},"7":{"start":{"line":28,"column":8},"end":{"line":28,"column":53}},"8":{"start":{"line":30,"column":8},"end":{"line":30,"column":55}},"9":{"start":{"line":31,"column":8},"end":{"line":31,"column":1028}},"10":{"start":{"line":35,"column":8},"end":{"line":35,"column":55}},"11":{"start":{"line":37,"column":8},"end":{"line":37,"column":52}},"12":{"start":{"line":38,"column":8},"end":{"line":38,"column":19}},"13":{"start":{"line":46,"column":8},"end":{"line":46,"column":46}},"14":{"start":{"line":47,"column":8},"end":{"line":47,"column":50}},"15":{"start":{"line":48,"column":8},"end":{"line":48,"column":19}},"16":{"start":{"line":56,"column":8},"end":{"line":56,"column":63}},"17":{"start":{"line":57,"column":8},"end":{"line":57,"column":67}},"18":{"start":{"line":59,"column":8},"end":{"line":59,"column":63}},"19":{"start":{"line":61,"column":8},"end":{"line":61,"column":55}},"20":{"start":{"line":62,"column":8},"end":{"line":62,"column":1945}},"21":{"start":{"line":66,"column":8},"end":{"line":66,"column":55}},"22":{"start":{"line":67,"column":8},"end":{"line":67,"column":49}},"23":{"start":{"line":68,"column":8},"end":{"line":68,"column":67}},"24":{"start":{"line":69,"column":8},"end":{"line":69,"column":49}},"25":{"start":{"line":71,"column":8},"end":{"line":71,"column":48}},"26":{"start":{"line":72,"column":8},"end":{"line":72,"column":19}}},"branchMap":{"1":{"line":17,"type":"if","locations":[{"start":{"line":17,"column":8},"end":{"line":17,"column":8}},{"start":{"line":17,"column":8},"end":{"line":17,"column":8}}]},"2":{"line":27,"type":"if","locations":[{"start":{"line":27,"column":8},"end":{"line":27,"column":8}},{"start":{"line":27,"column":8},"end":{"line":27,"column":8}}]},"3":{"line":31,"type":"if","locations":[{"start":{"line":31,"column":8},"end":{"line":31,"column":8}},{"start":{"line":31,"column":8},"end":{"line":31,"column":8}}]},"4":{"line":57,"type":"if","locations":[{"start":{"line":57,"column":8},"end":{"line":57,"column":8}},{"start":{"line":57,"column":8},"end":{"line":57,"column":8}}]},"5":{"line":62,"type":"if","locations":[{"start":{"line":62,"column":8},"end":{"line":62,"column":8}},{"start":{"line":62,"column":8},"end":{"line":62,"column":8}}]},"6":{"line":68,"type":"if","locations":[{"start":{"line":68,"column":8},"end":{"line":68,"column":8}},{"start":{"line":68,"column":8},"end":{"line":68,"column":8}}]}}},
"contracts/UniswapV3Staker/test/TestIncentiveId.sol":{"l":{"16":1},"path":"/home/d1r/repos/Giveth/giv-token-contracts/contracts/UniswapV3Staker/test/TestIncentiveId.sol","s":{"1":1},"b":{},"f":{"1":1},"fnMap":{"1":{"name":"compute","line":11,"loc":{"start":{"line":11,"column":4},"end":{"line":17,"column":4}}}},"statementMap":{"1":{"start":{"line":16,"column":8},"end":{"line":16,"column":39}}},"branchMap":{}},
"contracts/UniswapV3Staker/test/TestRewardMath.sol":{"l":{"21":0},"path":"/home/d1r/repos/Giveth/giv-token-contracts/contracts/UniswapV3Staker/test/TestRewardMath.sol","s":{"1":0},"b":{},"f":{"1":0},"fnMap":{"1":{"name":"computeRewardAmount","line":11,"loc":{"start":{"line":11,"column":4},"end":{"line":31,"column":4}}}},"statementMap":{"1":{"start":{"line":21,"column":8},"end":{"line":21,"column":650}}},"branchMap":{}},
"contracts/UniswapV3Staker/UniswapV3Staker.sol":{"l":{"73":20,"74":20,"76":20,"77":20,"78":0,"98":6,"99":6,"100":6,"101":6,"109":2,"113":2,"117":2,"121":2,"125":2,"130":2,"132":2,"134":2,"141":2,"157":4,"162":4,"163":4,"165":4,"167":4,"171":4,"177":4,"178":4,"186":4,"198":104,"203":104,"218":104,"224":60,"226":60,"227":0,"228":0,"230":0,"231":0,"232":0,"236":60,"241":0,"245":0,"246":0,"250":0,"251":0,"260":19,"264":19,"265":19,"269":19,"274":19,"275":19,"277":19,"290":8,"295":8,"303":20,"305":20,"306":2,"312":20,"314":20,"319":20,"324":19,"326":19,"327":19,"329":19,"332":19,"346":19,"348":19,"350":19,"352":19,"353":19,"354":19,"355":19,"356":19,"365":19,"366":19,"367":0,"370":19,"371":19,"373":19,"383":0,"385":0,"389":0,"394":0,"395":0,"397":0,"401":0,"415":8,"419":8,"424":8,"426":8,"430":8,"435":8,"446":8,"450":8,"455":8,"456":8,"458":8,"461":8,"462":0,"468":8,"469":8,"471":8,"474":8},"path":"/home/d1r/repos/Giveth/giv-token-contracts/contracts/UniswapV3Staker/UniswapV3Staker.sol","s":{"1":20,"2":20,"3":20,"4":20,"5":0,"6":6,"7":6,"8":6,"9":6,"10":2,"11":2,"12":2,"13":2,"14":2,"15":2,"16":2,"17":2,"18":2,"19":4,"20":4,"21":4,"22":4,"23":4,"24":4,"25":4,"26":4,"27":4,"28":104,"29":104,"30":104,"31":60,"32":60,"33":0,"34":0,"35":0,"36":0,"37":0,"38":60,"39":0,"40":0,"41":0,"42":0,"43":0,"44":19,"45":19,"46":19,"47":19,"48":19,"49":19,"50":8,"51":8,"52":20,"53":20,"54":2,"55":20,"56":20,"57":20,"58":19,"59":19,"60":19,"61":19,"62":19,"63":19,"64":19,"65":19,"66":19,"67":19,"68":19,"69":0,"70":19,"71":19,"72":19,"73":0,"74":0,"75":0,"76":0,"77":0,"78":0,"79":0,"80":8,"81":8,"82":8,"83":8,"84":8,"85":8,"86":8,"87":8,"88":8,"89":8,"90":0,"91":8,"92":8,"93":8,"94":8},"b":{"1":[0,20],"2":[2,0],"3":[2,0],"4":[2,0],"5":[2,0],"6":[2,0],"7":[4,0],"8":[4,0],"9":[4,0],"10":[104,0],"11":[0,60],"12":[0,0],"13":[0,0],"14":[0,0],"15":[19,0],"16":[19,0],"17":[19,0],"18":[8,0],"19":[2,18],"20":[2,0],"21":[19,1],"22":[0,19],"23":[0,19],"24":[0,0],"25":[8,0],"26":[8,0],"27":[8,0],"28":[8,0],"29":[8,0],"30":[8,0],"31":[0,8]},"f":{"1":20,"2":6,"3":2,"4":4,"5":104,"6":0,"7":19,"8":8,"9":20,"10":19,"11":0,"12":8},"fnMap":{"1":{"name":"stakes","line":64,"loc":{"start":{"line":64,"column":4},"end":{"line":80,"column":4}}},"2":{"name":"constructor","line":92,"loc":{"start":{"line":92,"column":4},"end":{"line":102,"column":4}}},"3":{"name":"createIncentive","line":105,"loc":{"start":{"line":105,"column":4},"end":{"line":149,"column":4}}},"4":{"name":"endIncentive","line":152,"loc":{"start":{"line":152,"column":4},"end":{"line":187,"column":4}}},"5":{"name":"onERC721Received","line":192,"loc":{"start":{"line":192,"column":4},"end":{"line":237,"column":4}}},"6":{"name":"transferDeposit","line":240,"loc":{"start":{"line":240,"column":4},"end":{"line":252,"column":4}}},"7":{"name":"withdrawToken","line":255,"loc":{"start":{"line":255,"column":4},"end":{"line":283,"column":4}}},"8":{"name":"stakeToken","line":286,"loc":{"start":{"line":286,"column":4},"end":{"line":296,"column":4}}},"9":{"name":"unstakeToken","line":299,"loc":{"start":{"line":299,"column":4},"end":{"line":357,"column":4}}},"10":{"name":"claimReward","line":360,"loc":{"start":{"line":360,"column":4},"end":{"line":374,"column":4}}},"11":{"name":"getRewardInfo","line":377,"loc":{"start":{"line":377,"column":4},"end":{"line":411,"column":4}}},"12":{"name":"_stakeToken","line":414,"loc":{"start":{"line":414,"column":4},"end":{"line":475,"column":4}}}},"statementMap":{"1":{"start":{"line":73,"column":8},"end":{"line":73,"column":59}},"2":{"start":{"line":74,"column":8},"end":{"line":74,"column":2532}},"3":{"start":{"line":76,"column":8},"end":{"line":76,"column":44}},"4":{"start":{"line":77,"column":8},"end":{"line":77,"column":2643}},"5":{"start":{"line":78,"column":12},"end":{"line":78,"column":48}},"6":{"start":{"line":98,"column":8},"end":{"line":98,"column":25}},"7":{"start":{"line":99,"column":8},"end":{"line":99,"column":63}},"8":{"start":{"line":100,"column":8},"end":{"line":100,"column":61}},"9":{"start":{"line":101,"column":8},"end":{"line":101,"column":51}},"10":{"start":{"line":109,"column":8},"end":{"line":109,"column":3851}},"11":{"start":{"line":113,"column":8},"end":{"line":113,"column":3975}},"12":{"start":{"line":117,"column":8},"end":{"line":117,"column":4137}},"13":{"start":{"line":121,"column":8},"end":{"line":121,"column":4318}},"14":{"start":{"line":125,"column":8},"end":{"line":125,"column":4470}},"15":{"start":{"line":130,"column":8},"end":{"line":130,"column":54}},"16":{"start":{"line":132,"column":8},"end":{"line":132,"column":61}},"17":{"start":{"line":134,"column":8},"end":{"line":134,"column":4765}},"18":{"start":{"line":141,"column":8},"end":{"line":141,"column":4927}},"19":{"start":{"line":157,"column":8},"end":{"line":157,"column":5284}},"20":{"start":{"line":162,"column":8},"end":{"line":162,"column":54}},"21":{"start":{"line":163,"column":8},"end":{"line":163,"column":61}},"22":{"start":{"line":165,"column":8},"end":{"line":165,"column":46}},"23":{"start":{"line":167,"column":8},"end":{"line":167,"column":5609}},"24":{"start":{"line":171,"column":8},"end":{"line":171,"column":5726}},"25":{"start":{"line":177,"column":8},"end":{"line":177,"column":41}},"26":{"start":{"line":178,"column":8},"end":{"line":178,"column":5962}},"27":{"start":{"line":186,"column":8},"end":{"line":186,"column":48}},"28":{"start":{"line":198,"column":8},"end":{"line":198,"column":6611}},"29":{"start":{"line":203,"column":8},"end":{"line":203,"column":6817}},"30":{"start":{"line":218,"column":8},"end":{"line":218,"column":7024}},"31":{"start":{"line":224,"column":8},"end":{"line":224,"column":58}},"32":{"start":{"line":226,"column":8},"end":{"line":226,"column":7257}},"33":{"start":{"line":227,"column":12},"end":{"line":227,"column":7296}},"34":{"start":{"line":228,"column":16},"end":{"line":228,"column":69}},"35":{"start":{"line":230,"column":16},"end":{"line":230,"column":79}},"36":{"start":{"line":231,"column":16},"end":{"line":231,"column":7516}},"37":{"start":{"line":232,"column":20},"end":{"line":232,"column":48}},"38":{"start":{"line":236,"column":8},"end":{"line":236,"column":45}},"39":{"start":{"line":241,"column":8},"end":{"line":241,"column":7822}},"40":{"start":{"line":245,"column":8},"end":{"line":245,"column":47}},"41":{"start":{"line":246,"column":8},"end":{"line":246,"column":8004}},"42":{"start":{"line":250,"column":8},"end":{"line":250,"column":35}},"43":{"start":{"line":251,"column":8},"end":{"line":251,"column":51}},"44":{"start":{"line":260,"column":8},"end":{"line":260,"column":8409}},"45":{"start":{"line":264,"column":8},"end":{"line":264,"column":50}},"46":{"start":{"line":265,"column":8},"end":{"line":265,"column":8594}},"47":{"start":{"line":269,"column":8},"end":{"line":269,"column":8744}},"48":{"start":{"line":275,"column":8},"end":{"line":275,"column":67}},"49":{"start":{"line":277,"column":8},"end":{"line":277,"column":8994}},"50":{"start":{"line":290,"column":8},"end":{"line":290,"column":9289}},"51":{"start":{"line":295,"column":8},"end":{"line":295,"column":32}},"52":{"start":{"line":303,"column":8},"end":{"line":303,"column":50}},"53":{"start":{"line":305,"column":8},"end":{"line":305,"column":9775}},"54":{"start":{"line":306,"column":12},"end":{"line":306,"column":9828}},"55":{"start":{"line":312,"column":8},"end":{"line":312,"column":54}},"56":{"start":{"line":314,"column":8},"end":{"line":314,"column":10106}},"57":{"start":{"line":319,"column":8},"end":{"line":319,"column":10215}},"58":{"start":{"line":324,"column":8},"end":{"line":324,"column":61}},"59":{"start":{"line":329,"column":8},"end":{"line":329,"column":10551}},"60":{"start":{"line":332,"column":8},"end":{"line":332,"column":10642}},"61":{"start":{"line":346,"column":8},"end":{"line":346,"column":61}},"62":{"start":{"line":348,"column":8},"end":{"line":348,"column":47}},"63":{"start":{"line":350,"column":8},"end":{"line":350,"column":56}},"64":{"start":{"line":352,"column":8},"end":{"line":352,"column":59}},"65":{"start":{"line":355,"column":8},"end":{"line":355,"column":75}},"66":{"start":{"line":356,"column":8},"end":{"line":356,"column":48}},"67":{"start":{"line":365,"column":8},"end":{"line":365,"column":48}},"68":{"start":{"line":366,"column":8},"end":{"line":366,"column":12096}},"69":{"start":{"line":367,"column":12},"end":{"line":367,"column":35}},"70":{"start":{"line":370,"column":8},"end":{"line":370,"column":49}},"71":{"start":{"line":371,"column":8},"end":{"line":371,"column":68}},"72":{"start":{"line":373,"column":8},"end":{"line":373,"column":38}},"73":{"start":{"line":383,"column":8},"end":{"line":383,"column":54}},"74":{"start":{"line":385,"column":8},"end":{"line":385,"column":12688}},"75":{"start":{"line":389,"column":8},"end":{"line":389,"column":12796}},"76":{"start":{"line":394,"column":8},"end":{"line":394,"column":50}},"77":{"start":{"line":395,"column":8},"end":{"line":395,"column":60}},"78":{"start":{"line":397,"column":8},"end":{"line":397,"column":13102}},"79":{"start":{"line":401,"column":8},"end":{"line":401,"column":13189}},"80":{"start":{"line":415,"column":8},"end":{"line":415,"column":13712}},"81":{"start":{"line":419,"column":8},"end":{"line":419,"column":13851}},"82":{"start":{"line":424,"column":8},"end":{"line":424,"column":54}},"83":{"start":{"line":426,"column":8},"end":{"line":426,"column":14039}},"84":{"start":{"line":430,"column":8},"end":{"line":430,"column":14195}},"85":{"start":{"line":435,"column":8},"end":{"line":435,"column":14361}},"86":{"start":{"line":446,"column":8},"end":{"line":446,"column":14641}},"87":{"start":{"line":450,"column":8},"end":{"line":450,"column":14779}},"88":{"start":{"line":458,"column":8},"end":{"line":458,"column":15061}},"89":{"start":{"line":461,"column":8},"end":{"line":461,"column":15131}},"90":{"start":{"line":462,"column":12},"end":{"line":462,"column":15185}},"91":{"start":{"line":468,"column":12},"end":{"line":468,"column":63}},"92":{"start":{"line":469,"column":12},"end":{"line":469,"column":15593}},"93":{"start":{"line":471,"column":12},"end":{"line":471,"column":56}},"94":{"start":{"line":474,"column":8},"end":{"line":474,"column":57}}},"branchMap":{"1":{"line":77,"type":"if","locations":[{"start":{"line":77,"column":8},"end":{"line":77,"column":8}},{"start":{"line":77,"column":8},"end":{"line":77,"column":8}}]},"2":{"line":109,"type":"if","locations":[{"start":{"line":109,"column":8},"end":{"line":109,"column":8}},{"start":{"line":109,"column":8},"end":{"line":109,"column":8}}]},"3":{"line":113,"type":"if","locations":[{"start":{"line":113,"column":8},"end":{"line":113,"column":8}},{"start":{"line":113,"column":8},"end":{"line":113,"column":8}}]},"4":{"line":117,"type":"if","locations":[{"start":{"line":117,"column":8},"end":{"line":117,"column":8}},{"start":{"line":117,"column":8},"end":{"line":117,"column":8}}]},"5":{"line":121,"type":"if","locations":[{"start":{"line":121,"column":8},"end":{"line":121,"column":8}},{"start":{"line":121,"column":8},"end":{"line":121,"column":8}}]},"6":{"line":125,"type":"if","locations":[{"start":{"line":125,"column":8},"end":{"line":125,"column":8}},{"start":{"line":125,"column":8},"end":{"line":125,"column":8}}]},"7":{"line":157,"type":"if","locations":[{"start":{"line":157,"column":8},"end":{"line":157,"column":8}},{"start":{"line":157,"column":8},"end":{"line":157,"column":8}}]},"8":{"line":167,"type":"if","locations":[{"start":{"line":167,"column":8},"end":{"line":167,"column":8}},{"start":{"line":167,"column":8},"end":{"line":167,"column":8}}]},"9":{"line":171,"type":"if","locations":[{"start":{"line":171,"column":8},"end":{"line":171,"column":8}},{"start":{"line":171,"column":8},"end":{"line":171,"column":8}}]},"10":{"line":198,"type":"if","locations":[{"start":{"line":198,"column":8},"end":{"line":198,"column":8}},{"start":{"line":198,"column":8},"end":{"line":198,"column":8}}]},"11":{"line":226,"type":"if","locations":[{"start":{"line":226,"column":8},"end":{"line":226,"column":8}},{"start":{"line":226,"column":8},"end":{"line":226,"column":8}}]},"12":{"line":227,"type":"if","locations":[{"start":{"line":227,"column":12},"end":{"line":227,"column":12}},{"start":{"line":227,"column":12},"end":{"line":227,"column":12}}]},"13":{"line":241,"type":"if","locations":[{"start":{"line":241,"column":8},"end":{"line":241,"column":8}},{"start":{"line":241,"column":8},"end":{"line":241,"column":8}}]},"14":{"line":246,"type":"if","locations":[{"start":{"line":246,"column":8},"end":{"line":246,"column":8}},{"start":{"line":246,"column":8},"end":{"line":246,"column":8}}]},"15":{"line":260,"type":"if","locations":[{"start":{"line":260,"column":8},"end":{"line":260,"column":8}},{"start":{"line":260,"column":8},"end":{"line":260,"column":8}}]},"16":{"line":265,"type":"if","locations":[{"start":{"line":265,"column":8},"end":{"line":265,"column":8}},{"start":{"line":265,"column":8},"end":{"line":265,"column":8}}]},"17":{"line":269,"type":"if","locations":[{"start":{"line":269,"column":8},"end":{"line":269,"column":8}},{"start":{"line":269,"column":8},"end":{"line":269,"column":8}}]},"18":{"line":290,"type":"if","locations":[{"start":{"line":290,"column":8},"end":{"line":290,"column":8}},{"start":{"line":290,"column":8},"end":{"line":290,"column":8}}]},"19":{"line":305,"type":"if","locations":[{"start":{"line":305,"column":8},"end":{"line":305,"column":8}},{"start":{"line":305,"column":8},"end":{"line":305,"column":8}}]},"20":{"line":306,"type":"if","locations":[{"start":{"line":306,"column":12},"end":{"line":306,"column":12}},{"start":{"line":306,"column":12},"end":{"line":306,"column":12}}]},"21":{"line":319,"type":"if","locations":[{"start":{"line":319,"column":8},"end":{"line":319,"column":8}},{"start":{"line":319,"column":8},"end":{"line":319,"column":8}}]},"22":{"line":355,"type":"if","locations":[{"start":{"line":355,"column":8},"end":{"line":355,"column":8}},{"start":{"line":355,"column":8},"end":{"line":355,"column":8}}]},"23":{"line":366,"type":"if","locations":[{"start":{"line":366,"column":8},"end":{"line":366,"column":8}},{"start":{"line":366,"column":8},"end":{"line":366,"column":8}}]},"24":{"line":389,"type":"if","locations":[{"start":{"line":389,"column":8},"end":{"line":389,"column":8}},{"start":{"line":389,"column":8},"end":{"line":389,"column":8}}]},"25":{"line":415,"type":"if","locations":[{"start":{"line":415,"column":8},"end":{"line":415,"column":8}},{"start":{"line":415,"column":8},"end":{"line":415,"column":8}}]},"26":{"line":419,"type":"if","locations":[{"start":{"line":419,"column":8},"end":{"line":419,"column":8}},{"start":{"line":419,"column":8},"end":{"line":419,"column":8}}]},"27":{"line":426,"type":"if","locations":[{"start":{"line":426,"column":8},"end":{"line":426,"column":8}},{"start":{"line":426,"column":8},"end":{"line":426,"column":8}}]},"28":{"line":430,"type":"if","locations":[{"start":{"line":430,"column":8},"end":{"line":430,"column":8}},{"start":{"line":430,"column":8},"end":{"line":430,"column":8}}]},"29":{"line":446,"type":"if","locations":[{"start":{"line":446,"column":8},"end":{"line":446,"column":8}},{"start":{"line":446,"column":8},"end":{"line":446,"column":8}}]},"30":{"line":450,"type":"if","locations":[{"start":{"line":450,"column":8},"end":{"line":450,"column":8}},{"start":{"line":450,"column":8},"end":{"line":450,"column":8}}]},"31":{"line":461,"type":"if","locations":[{"start":{"line":461,"column":8},"end":{"line":461,"column":8}},{"start":{"line":461,"column":8},"end":{"line":461,"column":8}}]}}}}
