TN:
SF:/home/d1r/repos/Giveth/giv-token-contracts/contracts/Distributors/GardenUnipoolTokenDistributor.sol
FN:38,__LPTokenWrapper_initialize
FN:40,totalSupply
FN:44,balanceOf
FN:48,stake
FN:53,withdraw
FN:82,onlyRewardDistribution
FN:90,updateReward
FN:104,initialize
FN:114,lastTimeRewardApplicable
FN:118,rewardPerToken
FN:135,getTimestamp
FN:144,earned
FN:158,claimableStream
FN:169,stake
FN:179,withdraw
FN:189,getReward
FN:193,_getReward
FN:206,notifyRewardAmount
FN:223,setRewardDistribution
FN:233,_onTransfer
FNF:20
FNH:18
FNDA:12,__LPTokenWrapper_initialize
FNDA:408,totalSupply
FNDA:148,balanceOf
FNDA:20,stake
FNDA:0,withdraw
FNDA:12,onlyRewardDistribution
FNDA:60,updateReward
FNDA:12,initialize
FNDA:247,lastTimeRewardApplicable
FNDA:218,rewardPerToken
FNDA:113,getTimestamp
FNDA:50,earned
FNDA:146,claimableStream
FNDA:20,stake
FNDA:0,withdraw
FNDA:28,getReward
FNDA:28,_getReward
FNDA:12,notifyRewardAmount
FNDA:10,setRewardDistribution
FNDA:4,_onTransfer
DA:41,408
DA:45,148
DA:49,20
DA:50,20
DA:54,0
DA:55,0
DA:83,12
DA:87,12
DA:91,60
DA:92,60
DA:93,60
DA:94,48
DA:95,48
DA:97,60
DA:105,12
DA:106,12
DA:107,12
DA:108,12
DA:109,12
DA:110,12
DA:111,12
DA:115,247
DA:119,218
DA:120,31
DA:122,187
DA:136,113
DA:145,50
DA:146,50
DA:149,50
DA:151,50
DA:159,146
DA:171,20
DA:172,20
DA:173,20
DA:181,0
DA:182,0
DA:183,0
DA:184,0
DA:186,0
DA:190,28
DA:194,28
DA:195,28
DA:196,20
DA:198,20
DA:199,20
DA:208,12
DA:209,12
DA:210,12
DA:212,0
DA:213,0
DA:214,0
DA:216,12
DA:217,12
DA:218,12
DA:225,10
DA:238,4
DA:240,4
DA:241,4
DA:244,0
DA:245,0
DA:248,0
DA:249,0
DA:250,0
LF:63
LH:48
BRDA:83,1,0,12
BRDA:83,1,1,0
BRDA:93,2,0,48
BRDA:93,2,1,12
BRDA:119,3,0,31
BRDA:119,3,1,187
BRDA:171,4,0,20
BRDA:171,4,1,0
BRDA:181,5,0,0
BRDA:181,5,1,0
BRDA:183,6,0,0
BRDA:183,6,1,0
BRDA:195,7,0,20
BRDA:195,7,1,8
BRDA:209,8,0,12
BRDA:209,8,1,0
BRDA:238,9,0,4
BRDA:238,9,1,0
BRDA:242,10,0,0
BRDA:242,10,1,0
BRF:20
BRH:10
end_of_record
TN:
SF:/home/d1r/repos/Giveth/giv-token-contracts/contracts/Distributors/MerkleDistro.sol
FN:35,initialize
FN:42,isClaimed
FN:50,_setClaimed
FN:58,claim
FN:89,claimTo
FNF:5
FNH:1
FNDA:3,initialize
FNDA:0,isClaimed
FNDA:0,_setClaimed
FNDA:0,claim
FNDA:0,claimTo
DA:37,3
DA:38,3
DA:39,3
DA:43,0
DA:44,0
DA:45,0
DA:46,0
DA:47,0
DA:51,0
DA:52,0
DA:53,0
DA:63,0
DA:66,0
DA:67,0
DA:73,0
DA:74,0
DA:76,0
DA:90,0
DA:93,0
DA:94,0
DA:100,0
DA:101,0
DA:103,0
LF:23
LH:3
BRDA:63,1,0,0
BRDA:63,1,1,0
BRDA:67,2,0,0
BRDA:67,2,1,0
BRDA:90,3,0,0
BRDA:90,3,1,0
BRDA:94,4,0,0
BRDA:94,4,1,0
BRF:8
BRH:0
end_of_record
TN:
SF:/home/d1r/repos/Giveth/giv-token-contracts/contracts/Distributors/TokenManagerHook.sol
FN:12,getStorageBool
FN:22,getStorageAddress
FN:32,getStorageBytes32
FN:42,getStorageUint256
FN:52,setStorageBool
FN:58,setStorageAddress
FN:64,setStorageBytes32
FN:70,setStorageUint256
FN:88,nonReentrant
FN:117,onlyTokenManager
FN:133,__TokenManagerHook_initialize
FN:138,getTokenManager
FN:151,onRegisterAsHook
FN:164,onRevokeAsHook
FN:181,onTransfer
FN:197,onApprove
FN:203,_onRegisterAsHook
FN:211,_onRevokeAsHook
FN:219,_onTransfer
FN:227,_onApprove
FNF:20
FNH:11
FNDA:6,getStorageBool
FNDA:7,getStorageAddress
FNDA:0,getStorageBytes32
FNDA:0,getStorageUint256
FNDA:11,setStorageBool
FNDA:12,setStorageAddress
FNDA:0,setStorageBytes32
FNDA:0,setStorageUint256
FNDA:6,nonReentrant
FNDA:6,onlyTokenManager
FNDA:12,__TokenManagerHook_initialize
FNDA:7,getTokenManager
FNDA:1,onRegisterAsHook
FNDA:0,onRevokeAsHook
FNDA:4,onTransfer
FNDA:0,onApprove
FNDA:1,_onRegisterAsHook
FNDA:0,_onRevokeAsHook
FNDA:0,_onTransfer
FNDA:0,_onApprove
DA:17,6
DA:27,7
DA:37,0
DA:47,0
DA:53,11
DA:59,12
DA:65,0
DA:71,0
DA:90,6
DA:93,6
DA:96,6
DA:99,5
DA:118,6
DA:122,5
DA:135,12
DA:139,7
DA:153,1
DA:166,0
DA:182,4
DA:198,0
DA:208,1
DA:216,0
DA:224,0
DA:232,0
LF:24
LH:15
BRDA:90,1,0,6
BRDA:90,1,1,0
BRDA:118,2,0,5
BRDA:118,2,1,1
BRF:4
BRH:3
end_of_record
TN:
SF:/home/d1r/repos/Giveth/giv-token-contracts/contracts/Distributors/UnipoolTokenDistributor.sol
FN:33,__LPTokenWrapper_initialize
FN:38,totalSupply
FN:42,balanceOf
FN:46,stake
FN:52,withdraw
FN:86,onlyRewardDistribution
FN:94,updateReward
FN:108,initialize
FN:117,lastTimeRewardApplicable
FN:121,rewardPerToken
FN:135,earned
FN:144,stake
FN:150,withdraw
FN:156,exit
FN:161,getReward
FN:174,notifyRewardAmount
FN:191,setRewardDistribution
FN:203,stakeWithPermit
FN:218,getSelector
FN:230,_permit
FN:335,_getBlockTimestamp
FNF:21
FNH:17
FNDA:21,__LPTokenWrapper_initialize
FNDA:162,totalSupply
FNDA:56,balanceOf
FNDA:12,stake
FNDA:1,withdraw
FNDA:11,onlyRewardDistribution
FNDA:27,updateReward
FNDA:21,initialize
FNDA:94,lastTimeRewardApplicable
FNDA:94,rewardPerToken
FNDA:51,earned
FNDA:12,stake
FNDA:1,withdraw
FNDA:1,exit
FNDA:3,getReward
FNDA:11,notifyRewardAmount
FNDA:7,setRewardDistribution
FNDA:0,stakeWithPermit
FNDA:0,getSelector
FNDA:0,_permit
FNDA:0,_getBlockTimestamp
DA:35,21
DA:39,162
DA:43,56
DA:47,12
DA:48,12
DA:49,12
DA:53,1
DA:54,1
DA:55,1
DA:87,11
DA:91,11
DA:95,27
DA:96,27
DA:97,27
DA:98,16
DA:99,16
DA:101,27
DA:109,21
DA:110,21
DA:111,21
DA:112,21
DA:113,21
DA:114,21
DA:118,94
DA:122,94
DA:123,27
DA:125,67
DA:136,51
DA:145,12
DA:146,12
DA:147,12
DA:151,1
DA:152,1
DA:153,1
DA:157,1
DA:158,1
DA:162,3
DA:163,3
DA:164,3
DA:166,3
DA:167,3
DA:176,11
DA:177,11
DA:178,11
DA:180,0
DA:181,0
DA:182,0
DA:184,11
DA:185,11
DA:186,11
DA:193,7
DA:205,0
DA:209,0
DA:210,0
DA:211,0
DA:219,0
DA:234,0
DA:236,0
DA:237,0
DA:257,0
DA:261,0
DA:265,0
DA:268,0
DA:282,0
DA:304,0
DA:308,0
DA:312,0
DA:327,0
DA:336,0
LF:69
LH:48
BRDA:87,1,0,11
BRDA:87,1,1,0
BRDA:97,2,0,16
BRDA:97,2,1,11
BRDA:122,3,0,27
BRDA:122,3,1,67
BRDA:145,4,0,12
BRDA:145,4,1,0
BRDA:151,5,0,1
BRDA:151,5,1,0
BRDA:163,6,0,3
BRDA:163,6,1,0
BRDA:177,7,0,11
BRDA:177,7,1,0
BRDA:205,8,0,0
BRDA:205,8,1,0
BRDA:236,9,0,0
BRDA:236,9,1,0
BRDA:257,10,0,0
BRDA:257,10,1,0
BRDA:261,11,0,0
BRDA:261,11,1,0
BRDA:265,12,0,0
BRDA:265,12,1,0
BRDA:281,13,0,0
BRDA:281,13,1,0
BRDA:304,14,0,0
BRDA:304,14,1,0
BRDA:308,15,0,0
BRDA:308,15,1,0
BRF:30
BRH:9
end_of_record
TN:
SF:/home/d1r/repos/Giveth/giv-token-contracts/contracts/Interfaces/IDistro.sol
FNF:0
FNH:0
LF:0
LH:0
BRF:0
BRH:0
end_of_record
TN:
SF:/home/d1r/repos/Giveth/giv-token-contracts/contracts/Interfaces/IMerkleTreeDistributor.sol
FNF:0
FNH:0
LF:0
LH:0
BRF:0
BRH:0
end_of_record
TN:
SF:/home/d1r/repos/Giveth/giv-token-contracts/contracts/Mocks/GardenUnipoolTokenDistributorMock.sol
FN:10,setTimestamp
FN:14,getTimestamp
FN:18,_stake
FN:22,_withdraw
FNF:4
FNH:3
FNDA:14,setTimestamp
FNDA:309,getTimestamp
FNDA:16,_stake
FNDA:0,_withdraw
DA:11,14
DA:15,309
DA:19,16
DA:23,0
LF:4
LH:3
BRF:0
BRH:0
end_of_record
TN:
SF:/home/d1r/repos/Giveth/giv-token-contracts/contracts/Mocks/HookedTokenManagerMock.sol
FN:28,constructor
FN:36,registerHook
FN:47,revokeHook
FN:61,onTransfer
FN:74,onApprove
FN:82,_triggerOnApproveHook
FN:97,_triggerOnTransferHook
FNF:7
FNH:4
FNDA:3,constructor
FNDA:1,registerHook
FNDA:0,revokeHook
FNDA:4,onTransfer
FNDA:0,onApprove
FNDA:0,_triggerOnApproveHook
FNDA:4,_triggerOnTransferHook
DA:29,3
DA:37,1
DA:38,1
DA:39,1
DA:40,1
DA:48,0
DA:49,0
DA:66,4
DA:79,0
DA:87,0
DA:88,0
DA:89,0
DA:90,0
DA:91,0
DA:93,0
DA:102,4
DA:103,4
DA:104,4
DA:105,4
DA:106,4
DA:108,4
LF:21
LH:12
BRDA:90,1,0,0
BRDA:90,1,1,0
BRDA:105,2,0,4
BRDA:105,2,1,0
BRF:4
BRH:1
end_of_record
TN:
SF:/home/d1r/repos/Giveth/giv-token-contracts/contracts/Mocks/PermitMock.sol
FN:8,constructor
FN:14,_getSelector
FN:30,permit
FNF:3
FNH:3
FNDA:6,constructor
FNDA:1,_getSelector
FNDA:1,permit
DA:19,1
DA:35,1
DA:36,1
DA:40,1
DA:52,1
DA:56,1
DA:60,1
DA:69,1
LF:8
LH:8
BRDA:36,1,0,1
BRDA:36,1,1,0
BRDA:52,2,0,1
BRDA:52,2,1,0
BRDA:56,3,0,1
BRDA:56,3,1,0
BRDA:60,4,0,1
BRDA:60,4,1,0
BRF:8
BRH:4
end_of_record
TN:
SF:/home/d1r/repos/Giveth/giv-token-contracts/contracts/Mocks/TokenDistroMock.sol
FN:10,constructor
FN:30,setTimestamp
FN:34,getTimestamp
FNF:3
FNH:3
FNDA:107,constructor
FNDA:16,setTimestamp
FNDA:341,getTimestamp
DA:19,107
DA:31,16
DA:35,341
LF:3
LH:3
BRF:0
BRH:0
end_of_record
TN:
SF:/home/d1r/repos/Giveth/giv-token-contracts/contracts/Mocks/UniMock.sol
FNF:0
FNH:0
LF:0
LH:0
BRF:0
BRH:0
end_of_record
TN:
SF:/home/d1r/repos/Giveth/giv-token-contracts/contracts/Mocks/UnipoolTokenDistributorMock.sol
FN:10,constructor
FN:18,setFixedBlockTimestamp
FN:22,_getBlockTimestamp
FNF:3
FNH:3
FNDA:18,constructor
FNDA:1,setFixedBlockTimestamp
FNDA:105,_getBlockTimestamp
DA:15,18
DA:19,1
DA:23,105
DA:24,97
DA:26,8
LF:5
LH:5
BRDA:23,1,0,97
BRDA:23,1,1,8
BRF:2
BRH:2
end_of_record
TN:
SF:/home/d1r/repos/Giveth/giv-token-contracts/contracts/Mocks/UniswapV3RewardTokenMock.sol
FN:8,constructor
FN:12,setStakerAddress
FNF:2
FNH:2
FNDA:27,constructor
FNDA:2,setStakerAddress
DA:9,27
DA:13,2
LF:2
LH:2
BRF:0
BRH:0
end_of_record
TN:
SF:/home/d1r/repos/Giveth/giv-token-contracts/contracts/Mocks/UniswapV3StakerMock.sol
FN:19,constructor
FN:21,createIncentive
FN:25,claimRewardMock
FNF:3
FNH:3
FNDA:18,constructor
FNDA:7,createIncentive
FNDA:11,claimRewardMock
DA:22,7
DA:26,11
LF:2
LH:2
BRF:0
BRH:0
end_of_record
TN:
SF:/home/d1r/repos/Giveth/giv-token-contracts/contracts/Mocks/Upgrades/GardenUnipoolTokenDistributorV2.sol
FN:7,checkUpgrade
FNF:1
FNH:1
FNDA:1,checkUpgrade
DA:22,1
LF:1
LH:1
BRF:0
BRH:0
end_of_record
TN:
SF:/home/d1r/repos/Giveth/giv-token-contracts/contracts/Mocks/Upgrades/MerkleDistroV2.sol
FN:8,checkUpgrade
FNF:1
FNH:1
FNDA:1,checkUpgrade
DA:17,1
LF:1
LH:1
BRF:0
BRH:0
end_of_record
TN:
SF:/home/d1r/repos/Giveth/giv-token-contracts/contracts/Mocks/Upgrades/TokenDistroV2.sol
FN:7,checkUpgrade
FNF:1
FNH:1
FNDA:1,checkUpgrade
DA:22,1
LF:1
LH:1
BRF:0
BRH:0
end_of_record
TN:
SF:/home/d1r/repos/Giveth/giv-token-contracts/contracts/Mocks/Upgrades/UnipoolTokenDistributorV2.sol
FN:7,checkUpgrade
FNF:1
FNH:1
FNDA:1,checkUpgrade
DA:23,1
LF:1
LH:1
BRF:0
BRH:0
end_of_record
TN:
SF:/home/d1r/repos/Giveth/giv-token-contracts/contracts/Mocks/Upgrades/UniswapV3RewardTokenV2.sol
FN:8,checkUpgrade
FNF:1
FNH:1
FNDA:1,checkUpgrade
DA:21,1
LF:1
LH:1
BRF:0
BRH:0
end_of_record
TN:
SF:/home/d1r/repos/Giveth/giv-token-contracts/contracts/TokenDistro/TokenDistro.sol
FN:49,onlyDistributor
FN:82,initialize
FN:114,setStartTime
FN:140,assign
FN:166,claimTo
FN:179,claim
FN:192,_allocate
FN:221,allocate
FN:236,_allocateMany
FN:247,allocateMany
FN:254,sendGIVbacks
FN:270,changeAddress
FN:296,getTimestamp
FN:305,globallyClaimableAt
FN:324,claimableAt
FN:348,claimableNow
FN:365,cancelAllocation
FN:404,_claim
FNF:18
FNH:16
FNDA:85,onlyDistributor
FNDA:110,initialize
FNDA:0,setStartTime
FNDA:37,assign
FNDA:0,claimTo
FNDA:10,claim
FNDA:85,_allocate
FNDA:75,allocate
FNDA:6,_allocateMany
FNDA:4,allocateMany
FNDA:4,sendGIVbacks
FNDA:5,changeAddress
FNDA:199,getTimestamp
FNDA:237,globallyClaimableAt
FNDA:179,claimableAt
FNDA:162,claimableNow
FNDA:6,cancelAllocation
FNDA:46,_claim
DA:50,85
DA:55,81
DA:59,81
DA:83,110
DA:87,109
DA:91,108
DA:92,108
DA:94,108
DA:96,108
DA:97,108
DA:98,108
DA:99,108
DA:100,108
DA:101,108
DA:102,108
DA:103,108
DA:104,108
DA:115,0
DA:119,0
DA:124,0
DA:125,0
DA:126,0
DA:128,0
DA:141,37
DA:145,36
DA:150,35
DA:153,33
DA:157,33
DA:170,0
DA:180,10
DA:197,85
DA:202,82
DA:206,81
DA:210,81
DA:211,36
DA:214,81
DA:222,75
DA:237,6
DA:242,4
DA:243,10
DA:251,4
DA:258,4
DA:259,1
DA:271,5
DA:277,3
DA:283,1
DA:285,1
DA:287,1
DA:288,1
DA:290,1
DA:297,199
DA:311,237
DA:312,187
DA:313,158
DA:315,130
DA:316,130
DA:330,179
DA:334,178
DA:338,177
DA:341,177
DA:354,162
DA:369,6
DA:371,5
DA:376,4
DA:382,3
DA:388,2
DA:390,2
DA:392,2
DA:393,2
DA:395,2
DA:405,46
DA:407,46
DA:412,45
DA:416,45
DA:418,45
LF:75
LH:68
BRDA:50,1,0,81
BRDA:50,1,1,4
BRDA:55,2,0,81
BRDA:55,2,1,0
BRDA:83,3,0,109
BRDA:83,3,1,1
BRDA:87,4,0,108
BRDA:87,4,1,1
BRDA:115,5,0,0
BRDA:115,5,1,0
BRDA:119,6,0,0
BRDA:119,6,1,0
BRDA:141,7,0,36
BRDA:141,7,1,1
BRDA:145,8,0,35
BRDA:145,8,1,1
BRDA:197,9,0,82
BRDA:197,9,1,3
BRDA:210,10,0,36
BRDA:210,10,1,45
BRDA:237,11,0,4
BRDA:237,11,1,2
BRDA:271,12,0,3
BRDA:271,12,1,2
BRDA:277,13,0,1
BRDA:277,13,1,2
BRDA:311,14,0,50
BRDA:311,14,1,187
BRDA:312,15,0,29
BRDA:312,15,1,158
BRDA:313,16,0,28
BRDA:313,16,1,130
BRDA:330,17,0,178
BRDA:330,17,1,1
BRDA:334,18,0,177
BRDA:334,18,1,1
BRDA:369,19,0,5
BRDA:369,19,1,1
BRDA:371,20,0,4
BRDA:371,20,1,1
BRDA:376,21,0,3
BRDA:376,21,1,1
BRDA:382,22,0,2
BRDA:382,22,1,1
BRDA:407,23,0,45
BRDA:407,23,1,1
BRF:46
BRH:41
end_of_record
TN:
SF:/home/d1r/repos/Giveth/giv-token-contracts/contracts/Tokens/BridgeToken.sol
FN:32,mul
FN:48,div
FN:58,sub
FN:66,add
FN:91,totalSupply
FN:100,transfer
FN:115,balanceOf
FN:135,burn
FN:139,_burn
FN:200,transferFrom
FN:225,approve
FN:237,allowance
FN:254,increaseApproval
FN:274,decreaseApproval
FN:311,constructor
FN:318,onlyOwner
FN:329,renounceOwnership
FN:338,transferOwnership
FN:346,_transferOwnership
FN:368,canMint
FN:373,hasMintPermission
FN:387,mint
FN:401,finishMinting
FN:423,constructor
FN:449,isContract
FN:509,constructor
FN:528,safeSendValue
FN:542,validAddress
FN:548,claimValues
FN:556,claimNativeCoins
FN:561,claimErc20Tokens
FN:567,safeTransfer
FN:626,constructor
FN:630,bridgeContract
FN:634,setBridgeContract
FN:639,validRecipient
FN:649,transferAndCall
FN:659,getTokenInterfacesVersion
FN:671,superTransfer
FN:678,transfer
FN:684,transferFrom
FN:694,callAfterTransfer
FN:708,isBridge
FN:719,contractFallback
FN:731,finishMinting
FN:735,renounceOwnership
FN:742,claimTokens
FN:747,increaseAllowance
FN:754,decreaseAllowance
FN:783,constructor
FN:806,transferFrom
FN:850,push
FN:858,pull
FN:866,move
FN:886,permit
FN:928,_now
FN:933,getTokenInterfacesVersion
FNF:57
FNH:0
FNDA:0,mul
FNDA:0,div
FNDA:0,sub
FNDA:0,add
FNDA:0,totalSupply
FNDA:0,transfer
FNDA:0,balanceOf
FNDA:0,burn
FNDA:0,_burn
FNDA:0,transferFrom
FNDA:0,approve
FNDA:0,allowance
FNDA:0,increaseApproval
FNDA:0,decreaseApproval
FNDA:0,constructor
FNDA:0,onlyOwner
FNDA:0,renounceOwnership
FNDA:0,transferOwnership
FNDA:0,_transferOwnership
FNDA:0,canMint
FNDA:0,hasMintPermission
FNDA:0,mint
FNDA:0,finishMinting
FNDA:0,constructor
FNDA:0,isContract
FNDA:0,constructor
FNDA:0,safeSendValue
FNDA:0,validAddress
FNDA:0,claimValues
FNDA:0,claimNativeCoins
FNDA:0,claimErc20Tokens
FNDA:0,safeTransfer
FNDA:0,constructor
FNDA:0,bridgeContract
FNDA:0,setBridgeContract
FNDA:0,validRecipient
FNDA:0,transferAndCall
FNDA:0,getTokenInterfacesVersion
FNDA:0,superTransfer
FNDA:0,transfer
FNDA:0,transferFrom
FNDA:0,callAfterTransfer
FNDA:0,isBridge
FNDA:0,contractFallback
FNDA:0,finishMinting
FNDA:0,renounceOwnership
FNDA:0,claimTokens
FNDA:0,increaseAllowance
FNDA:0,decreaseAllowance
FNDA:0,constructor
FNDA:0,transferFrom
FNDA:0,push
FNDA:0,pull
FNDA:0,move
FNDA:0,permit
FNDA:0,_now
FNDA:0,getTokenInterfacesVersion
DA:36,0
DA:37,0
DA:40,0
DA:41,0
DA:42,0
DA:52,0
DA:59,0
DA:60,0
DA:67,0
DA:68,0
DA:69,0
DA:92,0
DA:101,0
DA:102,0
DA:104,0
DA:105,0
DA:106,0
DA:107,0
DA:116,0
DA:136,0
DA:140,0
DA:144,0
DA:145,0
DA:146,0
DA:147,0
DA:205,0
DA:206,0
DA:207,0
DA:209,0
DA:210,0
DA:211,0
DA:212,0
DA:213,0
DA:226,0
DA:227,0
DA:228,0
DA:242,0
DA:258,0
DA:261,0
DA:262,0
DA:278,0
DA:279,0
DA:280,0
DA:282,0
DA:284,0
DA:285,0
DA:312,0
DA:319,0
DA:320,0
DA:330,0
DA:331,0
DA:339,0
DA:347,0
DA:348,0
DA:349,0
DA:369,0
DA:370,0
DA:374,0
DA:375,0
DA:390,0
DA:391,0
DA:392,0
DA:393,0
DA:394,0
DA:402,0
DA:403,0
DA:404,0
DA:428,0
DA:429,0
DA:430,0
DA:450,0
DA:458,0
DA:461,0
DA:510,0
DA:529,0
DA:530,0
DA:543,0
DA:545,0
DA:549,0
DA:550,0
DA:552,0
DA:557,0
DA:558,0
DA:562,0
DA:563,0
DA:564,0
DA:572,0
DA:573,0
DA:574,0
DA:575,0
DA:595,0
DA:596,0
DA:631,0
DA:635,0
DA:636,0
DA:640,0
DA:642,0
DA:650,0
DA:651,0
DA:653,0
DA:654,0
DA:656,0
DA:668,0
DA:675,0
DA:679,0
DA:680,0
DA:681,0
DA:689,0
DA:690,0
DA:691,0
DA:699,0
DA:703,0
DA:704,0
DA:709,0
DA:725,0
DA:732,0
DA:736,0
DA:744,0
DA:751,0
DA:758,0
DA:784,0
DA:785,0
DA:811,0
DA:812,0
DA:814,0
DA:815,0
DA:816,0
DA:818,0
DA:819,0
DA:821,0
DA:824,0
DA:825,0
DA:833,0
DA:843,0
DA:844,0
DA:851,0
DA:859,0
DA:871,0
DA:896,0
DA:897,0
DA:898,0
DA:900,0
DA:917,0
DA:918,0
DA:920,0
DA:922,0
DA:923,0
DA:925,0
DA:929,0
DA:942,0
LF:150
LH:0
BRDA:36,1,0,0
BRDA:36,1,1,0
BRDA:101,2,0,0
BRDA:101,2,1,0
BRDA:102,3,0,0
BRDA:102,3,1,0
BRDA:140,4,0,0
BRDA:140,4,1,0
BRDA:205,5,0,0
BRDA:205,5,1,0
BRDA:206,6,0,0
BRDA:206,6,1,0
BRDA:207,7,0,0
BRDA:207,7,1,0
BRDA:279,8,0,0
BRDA:279,8,1,0
BRDA:319,9,0,0
BRDA:319,9,1,0
BRDA:347,10,0,0
BRDA:347,10,1,0
BRDA:369,11,0,0
BRDA:369,11,1,0
BRDA:374,12,0,0
BRDA:374,12,1,0
BRDA:529,13,0,0
BRDA:529,13,1,0
BRDA:543,14,0,0
BRDA:543,14,1,0
BRDA:549,15,0,0
BRDA:549,15,1,0
BRDA:595,16,0,0
BRDA:595,16,1,0
BRDA:596,17,0,0
BRDA:596,17,1,0
BRDA:635,18,0,0
BRDA:635,18,1,0
BRDA:640,19,0,0
BRDA:640,19,1,0
BRDA:650,20,0,0
BRDA:650,20,1,0
BRDA:653,21,0,0
BRDA:653,21,1,0
BRDA:654,22,0,0
BRDA:654,22,1,0
BRDA:679,23,0,0
BRDA:679,23,1,0
BRDA:689,24,0,0
BRDA:689,24,1,0
BRDA:699,25,0,0
BRDA:699,25,1,0
BRDA:703,26,0,0
BRDA:703,26,1,0
BRDA:784,27,0,0
BRDA:784,27,1,0
BRDA:811,28,0,0
BRDA:811,28,1,0
BRDA:812,29,0,0
BRDA:812,29,1,0
BRDA:818,30,0,0
BRDA:818,30,1,0
BRDA:821,31,0,0
BRDA:821,31,1,0
BRDA:833,32,0,0
BRDA:833,32,1,0
BRDA:896,33,0,0
BRDA:896,33,1,0
BRDA:897,34,0,0
BRDA:897,34,1,0
BRDA:898,35,0,0
BRDA:898,35,1,0
BRDA:917,36,0,0
BRDA:917,36,1,0
BRDA:918,37,0,0
BRDA:918,37,1,0
BRF:74
BRH:0
end_of_record
TN:
SF:/home/d1r/repos/Giveth/giv-token-contracts/contracts/Tokens/GIV.sol
FN:56,onlyMinter
FN:61,constructor
FN:65,_validateSignedData
FN:83,_changeMinter
FN:88,_mint
FN:94,_burn
FN:101,_approve
FN:110,_transfer
FN:125,getChainId
FN:131,getDomainSeparator
FN:146,mint
FN:153,changeMinter
FN:157,burn
FN:162,approve
FN:171,transfer
FN:180,transferFrom
FN:194,permit
FN:218,transferWithAuthorization
FNF:18
FNH:12
FNDA:42,onlyMinter
FNDA:108,constructor
FNDA:4,_validateSignedData
FNDA:108,_changeMinter
FNDA:42,_mint
FNDA:0,_burn
FNDA:2,_approve
FNDA:70,_transfer
FNDA:6,getChainId
FNDA:4,getDomainSeparator
FNDA:42,mint
FNDA:0,changeMinter
FNDA:0,burn
FNDA:0,approve
FNDA:70,transfer
FNDA:0,transferFrom
FNDA:4,permit
FNDA:0,transferWithAuthorization
DA:57,42
DA:58,42
DA:62,108
DA:72,4
DA:75,4
DA:77,4
DA:84,108
DA:85,108
DA:89,42
DA:90,42
DA:91,42
DA:96,0
DA:97,0
DA:98,0
DA:106,2
DA:107,2
DA:115,70
DA:120,70
DA:121,70
DA:122,70
DA:126,6
DA:132,4
DA:149,42
DA:150,42
DA:154,0
DA:158,0
DA:159,0
DA:167,0
DA:168,0
DA:176,70
DA:177,70
DA:185,0
DA:186,0
DA:188,0
DA:190,0
DA:191,0
DA:203,4
DA:204,4
DA:214,4
DA:215,2
DA:229,0
DA:230,0
DA:231,0
DA:233,0
DA:244,0
DA:246,0
DA:247,0
DA:249,0
LF:48
LH:27
BRDA:57,1,0,42
BRDA:57,1,1,0
BRDA:77,2,0,2
BRDA:77,2,1,2
BRDA:115,3,0,70
BRDA:115,3,1,0
BRDA:186,4,0,0
BRDA:186,4,1,0
BRDA:203,5,0,4
BRDA:203,5,1,0
BRDA:229,6,0,0
BRDA:229,6,1,0
BRDA:230,7,0,0
BRDA:230,7,1,0
BRDA:231,8,0,0
BRDA:231,8,1,0
BRF:16
BRH:5
end_of_record
TN:
SF:/home/d1r/repos/Giveth/giv-token-contracts/contracts/Tokens/MinimeToken.sol
FN:71,onlyController
FN:78,constructor
FN:84,changeController
FN:189,constructor
FN:217,transfer
FN:231,transferFrom
FN:256,doTransfer
FN:296,balanceOf
FN:309,approve
FN:324,_approve
FN:357,allowance
FN:372,approveAndCall
FN:386,totalSupply
FN:393,permit
FN:418,getDomainSeparator
FN:431,_validateSignedData
FN:449,transferWithAuthorization
FN:500,balanceOfAt
FN:534,totalSupplyAt
FN:577,createCloneToken
FN:614,generateTokens
FN:633,destroyTokens
FN:652,enableTransfers
FN:664,getValueAt
FN:694,updateValueAtNow
FN:719,isContract
FN:731,min
FN:738,
FN:756,claimTokens
FN:810,createCloneToken
FNF:30
FNH:0
FNDA:0,onlyController
FNDA:0,constructor
FNDA:0,changeController
FNDA:0,constructor
FNDA:0,transfer
FNDA:0,transferFrom
FNDA:0,doTransfer
FNDA:0,balanceOf
FNDA:0,approve
FNDA:0,_approve
FNDA:0,allowance
FNDA:0,approveAndCall
FNDA:0,totalSupply
FNDA:0,permit
FNDA:0,getDomainSeparator
FNDA:0,_validateSignedData
FNDA:0,transferWithAuthorization
FNDA:0,balanceOfAt
FNDA:0,totalSupplyAt
FNDA:0,createCloneToken
FNDA:0,generateTokens
FNDA:0,destroyTokens
FNDA:0,enableTransfers
FNDA:0,getValueAt
FNDA:0,updateValueAtNow
FNDA:0,isContract
FNDA:0,min
FNDA:0,
FNDA:0,claimTokens
FNDA:0,createCloneToken
DA:72,0
DA:73,0
DA:79,0
DA:85,0
DA:198,0
DA:199,0
DA:200,0
DA:201,0
DA:202,0
DA:203,0
DA:204,0
DA:205,0
DA:206,0
DA:221,0
DA:222,0
DA:240,0
DA:241,0
DA:244,0
DA:245,0
DA:247,0
DA:261,0
DA:262,0
DA:264,0
DA:266,0
DA:269,0
DA:270,0
DA:271,0
DA:274,0
DA:276,0
DA:283,0
DA:286,0
DA:287,0
DA:288,0
DA:290,0
DA:291,0
DA:301,0
DA:313,0
DA:314,0
DA:329,0
DA:335,0
DA:338,0
DA:340,0
DA:348,0
DA:349,0
DA:362,0
DA:377,0
DA:379,0
DA:381,0
DA:387,0
DA:402,0
DA:404,0
DA:414,0
DA:415,0
DA:419,0
DA:438,0
DA:441,0
DA:443,0
DA:460,0
DA:464,0
DA:468,0
DA:473,0
DA:484,0
DA:486,0
DA:487,0
DA:488,0
DA:489,0
DA:510,0
DA:514,0
DA:515,0
DA:522,0
DA:527,0
DA:544,0
DA:548,0
DA:549,0
DA:554,0
DA:559,0
DA:584,0
DA:588,0
DA:597,0
DA:600,0
DA:601,0
DA:617,0
DA:618,0
DA:619,0
DA:620,0
DA:621,0
DA:622,0
DA:623,0
DA:624,0
DA:636,0
DA:637,0
DA:638,0
DA:639,0
DA:640,0
DA:641,0
DA:642,0
DA:643,0
DA:653,0
DA:669,0
DA:672,0
DA:673,0
DA:674,0
DA:677,0
DA:678,0
DA:679,0
DA:680,0
DA:681,0
DA:682,0
DA:684,0
DA:687,0
DA:697,0
DA:699,0
DA:703,0
DA:706,0
DA:707,0
DA:709,0
DA:712,0
DA:720,0
DA:721,0
DA:723,0
DA:727,0
DA:732,0
DA:739,0
DA:741,0
DA:757,0
DA:758,0
DA:759,0
DA:762,0
DA:763,0
DA:764,0
DA:765,0
DA:818,0
DA:828,0
DA:829,0
DA:834,0
LF:135
LH:0
BRDA:72,1,0,0
BRDA:72,1,1,0
BRDA:221,2,0,0
BRDA:221,2,1,0
BRDA:240,3,0,0
BRDA:240,3,1,0
BRDA:241,4,0,0
BRDA:241,4,1,0
BRDA:244,5,0,0
BRDA:244,5,1,0
BRDA:261,6,0,0
BRDA:261,6,1,0
BRDA:264,7,0,0
BRDA:264,7,1,0
BRDA:266,8,0,0
BRDA:266,8,1,0
BRDA:270,9,0,0
BRDA:270,9,1,0
BRDA:274,10,0,0
BRDA:274,10,1,0
BRDA:276,11,0,0
BRDA:276,11,1,0
BRDA:287,12,0,0
BRDA:287,12,1,0
BRDA:329,13,0,0
BRDA:329,13,1,0
BRDA:335,14,0,0
BRDA:335,14,1,0
BRDA:338,15,0,0
BRDA:338,15,1,0
BRDA:340,16,0,0
BRDA:340,16,1,0
BRDA:377,17,0,0
BRDA:377,17,1,0
BRDA:402,18,0,0
BRDA:402,18,1,0
BRDA:443,19,0,0
BRDA:443,19,1,0
BRDA:460,20,0,0
BRDA:460,20,1,0
BRDA:464,21,0,0
BRDA:464,21,1,0
BRDA:468,22,0,0
BRDA:468,22,1,0
BRDA:487,23,0,0
BRDA:487,23,1,0
BRDA:488,24,0,0
BRDA:488,24,1,0
BRDA:510,25,0,0
BRDA:510,25,1,0
BRDA:514,26,0,0
BRDA:514,26,1,0
BRDA:544,27,0,0
BRDA:544,27,1,0
BRDA:548,28,0,0
BRDA:548,28,1,0
BRDA:618,29,0,0
BRDA:618,29,1,0
BRDA:620,30,0,0
BRDA:620,30,1,0
BRDA:637,31,0,0
BRDA:637,31,1,0
BRDA:639,32,0,0
BRDA:639,32,1,0
BRDA:669,33,0,0
BRDA:669,33,1,0
BRDA:672,34,0,0
BRDA:672,34,1,0
BRDA:674,35,0,0
BRDA:674,35,1,0
BRDA:681,36,0,0
BRDA:681,36,1,0
BRDA:697,37,0,0
BRDA:697,37,1,0
BRDA:699,38,0,0
BRDA:699,38,1,0
BRDA:721,39,0,0
BRDA:721,39,1,0
BRDA:739,40,0,0
BRDA:739,40,1,0
BRDA:741,41,0,0
BRDA:741,41,1,0
BRDA:757,42,0,0
BRDA:757,42,1,0
BRF:84
BRH:0
end_of_record
TN:
SF:/home/d1r/repos/Giveth/giv-token-contracts/contracts/Tokens/TokenERC677.sol
FN:32,mul
FN:48,div
FN:58,sub
FN:66,add
FN:91,totalSupply
FN:100,transfer
FN:115,balanceOf
FN:135,burn
FN:139,_burn
FN:200,transferFrom
FN:225,approve
FN:237,allowance
FN:254,increaseApproval
FN:274,decreaseApproval
FN:311,constructor
FN:318,onlyOwner
FN:329,renounceOwnership
FN:338,transferOwnership
FN:346,_transferOwnership
FN:368,canMint
FN:373,hasMintPermission
FN:387,mint
FN:401,finishMinting
FN:423,constructor
FN:449,isContract
FN:509,constructor
FN:528,safeSendValue
FN:542,validAddress
FN:548,claimValues
FN:556,claimNativeCoins
FN:561,claimErc20Tokens
FN:567,safeTransfer
FN:626,constructor
FN:630,bridgeContract
FN:634,setBridgeContract
FN:639,validRecipient
FN:649,transferAndCall
FN:659,getTokenInterfacesVersion
FN:671,superTransfer
FN:678,transfer
FN:684,transferFrom
FN:694,callAfterTransfer
FN:708,isBridge
FN:719,contractFallback
FN:731,finishMinting
FN:735,renounceOwnership
FN:742,claimTokens
FN:747,increaseAllowance
FN:754,decreaseAllowance
FN:783,constructor
FN:806,transferFrom
FN:850,push
FN:858,pull
FN:866,move
FN:886,permit
FN:928,_now
FN:933,getTokenInterfacesVersion
FNF:57
FNH:0
FNDA:0,mul
FNDA:0,div
FNDA:0,sub
FNDA:0,add
FNDA:0,totalSupply
FNDA:0,transfer
FNDA:0,balanceOf
FNDA:0,burn
FNDA:0,_burn
FNDA:0,transferFrom
FNDA:0,approve
FNDA:0,allowance
FNDA:0,increaseApproval
FNDA:0,decreaseApproval
FNDA:0,constructor
FNDA:0,onlyOwner
FNDA:0,renounceOwnership
FNDA:0,transferOwnership
FNDA:0,_transferOwnership
FNDA:0,canMint
FNDA:0,hasMintPermission
FNDA:0,mint
FNDA:0,finishMinting
FNDA:0,constructor
FNDA:0,isContract
FNDA:0,constructor
FNDA:0,safeSendValue
FNDA:0,validAddress
FNDA:0,claimValues
FNDA:0,claimNativeCoins
FNDA:0,claimErc20Tokens
FNDA:0,safeTransfer
FNDA:0,constructor
FNDA:0,bridgeContract
FNDA:0,setBridgeContract
FNDA:0,validRecipient
FNDA:0,transferAndCall
FNDA:0,getTokenInterfacesVersion
FNDA:0,superTransfer
FNDA:0,transfer
FNDA:0,transferFrom
FNDA:0,callAfterTransfer
FNDA:0,isBridge
FNDA:0,contractFallback
FNDA:0,finishMinting
FNDA:0,renounceOwnership
FNDA:0,claimTokens
FNDA:0,increaseAllowance
FNDA:0,decreaseAllowance
FNDA:0,constructor
FNDA:0,transferFrom
FNDA:0,push
FNDA:0,pull
FNDA:0,move
FNDA:0,permit
FNDA:0,_now
FNDA:0,getTokenInterfacesVersion
DA:36,0
DA:37,0
DA:40,0
DA:41,0
DA:42,0
DA:52,0
DA:59,0
DA:60,0
DA:67,0
DA:68,0
DA:69,0
DA:92,0
DA:101,0
DA:102,0
DA:104,0
DA:105,0
DA:106,0
DA:107,0
DA:116,0
DA:136,0
DA:140,0
DA:144,0
DA:145,0
DA:146,0
DA:147,0
DA:205,0
DA:206,0
DA:207,0
DA:209,0
DA:210,0
DA:211,0
DA:212,0
DA:213,0
DA:226,0
DA:227,0
DA:228,0
DA:242,0
DA:258,0
DA:261,0
DA:262,0
DA:278,0
DA:279,0
DA:280,0
DA:282,0
DA:284,0
DA:285,0
DA:312,0
DA:319,0
DA:320,0
DA:330,0
DA:331,0
DA:339,0
DA:347,0
DA:348,0
DA:349,0
DA:369,0
DA:370,0
DA:374,0
DA:375,0
DA:390,0
DA:391,0
DA:392,0
DA:393,0
DA:394,0
DA:402,0
DA:403,0
DA:404,0
DA:428,0
DA:429,0
DA:430,0
DA:450,0
DA:458,0
DA:461,0
DA:510,0
DA:529,0
DA:530,0
DA:543,0
DA:545,0
DA:549,0
DA:550,0
DA:552,0
DA:557,0
DA:558,0
DA:562,0
DA:563,0
DA:564,0
DA:572,0
DA:573,0
DA:574,0
DA:575,0
DA:595,0
DA:596,0
DA:631,0
DA:635,0
DA:636,0
DA:640,0
DA:642,0
DA:650,0
DA:651,0
DA:653,0
DA:654,0
DA:656,0
DA:668,0
DA:675,0
DA:679,0
DA:680,0
DA:681,0
DA:689,0
DA:690,0
DA:691,0
DA:699,0
DA:703,0
DA:704,0
DA:709,0
DA:725,0
DA:732,0
DA:736,0
DA:744,0
DA:751,0
DA:758,0
DA:784,0
DA:785,0
DA:811,0
DA:812,0
DA:814,0
DA:815,0
DA:816,0
DA:818,0
DA:819,0
DA:821,0
DA:824,0
DA:825,0
DA:833,0
DA:843,0
DA:844,0
DA:851,0
DA:859,0
DA:871,0
DA:896,0
DA:897,0
DA:898,0
DA:900,0
DA:917,0
DA:918,0
DA:920,0
DA:922,0
DA:923,0
DA:925,0
DA:929,0
DA:942,0
LF:150
LH:0
BRDA:36,1,0,0
BRDA:36,1,1,0
BRDA:101,2,0,0
BRDA:101,2,1,0
BRDA:102,3,0,0
BRDA:102,3,1,0
BRDA:140,4,0,0
BRDA:140,4,1,0
BRDA:205,5,0,0
BRDA:205,5,1,0
BRDA:206,6,0,0
BRDA:206,6,1,0
BRDA:207,7,0,0
BRDA:207,7,1,0
BRDA:279,8,0,0
BRDA:279,8,1,0
BRDA:319,9,0,0
BRDA:319,9,1,0
BRDA:347,10,0,0
BRDA:347,10,1,0
BRDA:369,11,0,0
BRDA:369,11,1,0
BRDA:374,12,0,0
BRDA:374,12,1,0
BRDA:529,13,0,0
BRDA:529,13,1,0
BRDA:543,14,0,0
BRDA:543,14,1,0
BRDA:549,15,0,0
BRDA:549,15,1,0
BRDA:595,16,0,0
BRDA:595,16,1,0
BRDA:596,17,0,0
BRDA:596,17,1,0
BRDA:635,18,0,0
BRDA:635,18,1,0
BRDA:640,19,0,0
BRDA:640,19,1,0
BRDA:650,20,0,0
BRDA:650,20,1,0
BRDA:653,21,0,0
BRDA:653,21,1,0
BRDA:654,22,0,0
BRDA:654,22,1,0
BRDA:679,23,0,0
BRDA:679,23,1,0
BRDA:689,24,0,0
BRDA:689,24,1,0
BRDA:699,25,0,0
BRDA:699,25,1,0
BRDA:703,26,0,0
BRDA:703,26,1,0
BRDA:784,27,0,0
BRDA:784,27,1,0
BRDA:811,28,0,0
BRDA:811,28,1,0
BRDA:812,29,0,0
BRDA:812,29,1,0
BRDA:818,30,0,0
BRDA:818,30,1,0
BRDA:821,31,0,0
BRDA:821,31,1,0
BRDA:833,32,0,0
BRDA:833,32,1,0
BRDA:896,33,0,0
BRDA:896,33,1,0
BRDA:897,34,0,0
BRDA:897,34,1,0
BRDA:898,35,0,0
BRDA:898,35,1,0
BRDA:917,36,0,0
BRDA:917,36,1,0
BRDA:918,37,0,0
BRDA:918,37,1,0
BRF:74
BRH:0
end_of_record
TN:
SF:/home/d1r/repos/Giveth/giv-token-contracts/contracts/Tokens/UniswapV3RewardToken.sol
FN:40,initialize
FN:47,balanceOf
FN:52,approve
FN:56,transfer
FN:77,transferFrom
FN:105,allowance
FN:117,disable
FN:124,enable
FNF:8
FNH:6
FNDA:30,initialize
FNDA:5,balanceOf
FNDA:0,approve
FNDA:35,transfer
FNDA:10,transferFrom
FNDA:0,allowance
FNDA:2,disable
FNDA:1,enable
DA:42,30
DA:43,30
DA:44,30
DA:48,5
DA:49,2
DA:53,0
DA:61,35
DA:66,34
DA:67,33
DA:68,32
DA:69,30
DA:71,1
DA:74,31
DA:82,10
DA:88,9
DA:94,8
DA:99,8
DA:101,8
DA:102,8
DA:111,0
DA:112,0
DA:118,2
DA:119,2
DA:125,1
DA:126,1
LF:25
LH:22
BRDA:48,1,0,3
BRDA:48,1,1,2
BRDA:61,2,0,34
BRDA:61,2,1,1
BRDA:67,3,0,32
BRDA:67,3,1,1
BRDA:82,4,0,9
BRDA:82,4,1,1
BRDA:88,5,0,8
BRDA:88,5,1,1
BRDA:94,6,0,8
BRDA:94,6,1,0
BRDA:111,7,0,0
BRDA:111,7,1,0
BRF:14
BRH:11
end_of_record
TN:
SF:/home/d1r/repos/Giveth/giv-token-contracts/contracts/UniswapV3Staker/interfaces/IUniswapV3Staker.sol
FNF:0
FNH:0
LF:0
LH:0
BRF:0
BRH:0
end_of_record
TN:
SF:/home/d1r/repos/Giveth/giv-token-contracts/contracts/UniswapV3Staker/libraries/IncentiveId.sol
FN:11,compute
FNF:1
FNH:1
FNDA:35,compute
DA:16,35
LF:1
LH:1
BRF:0
BRH:0
end_of_record
TN:
SF:/home/d1r/repos/Giveth/giv-token-contracts/contracts/UniswapV3Staker/libraries/NFTPositionInfo.sol
FN:18,getPositionInfo
FNF:1
FNH:1
FNDA:8,getPositionInfo
DA:32,8
DA:33,8
DA:34,8
DA:35,8
DA:50,8
LF:5
LH:5
BRF:0
BRH:0
end_of_record
TN:
SF:/home/d1r/repos/Giveth/giv-token-contracts/contracts/UniswapV3Staker/libraries/RewardMath.sol
FN:21,computeRewardAmount
FNF:1
FNH:1
FNDA:19,computeRewardAmount
DA:32,19
DA:35,19
DA:40,19
DA:43,19
LF:4
LH:4
BRF:0
BRH:0
end_of_record
TN:
SF:/home/d1r/repos/Giveth/giv-token-contracts/contracts/UniswapV3Staker/test/TestERC20.sol
FN:11,constructor
FN:15,mint
FN:21,transfer
FN:41,approve
FN:51,transferFrom
FNF:5
FNH:5
FNDA:24,constructor
FNDA:24,mint
FNDA:63,transfer
FNDA:48,approve
FNDA:18,transferFrom
DA:12,24
DA:16,24
DA:17,24
DA:18,24
DA:26,63
DA:27,63
DA:28,63
DA:30,63
DA:31,63
DA:35,63
DA:37,63
DA:38,63
DA:46,48
DA:47,48
DA:48,48
DA:56,18
DA:57,18
DA:59,18
DA:61,18
DA:62,18
DA:66,18
DA:67,18
DA:68,18
DA:69,18
DA:71,18
DA:72,18
LF:26
LH:26
BRDA:17,1,0,24
BRDA:17,1,1,0
BRDA:27,2,0,63
BRDA:27,2,1,0
BRDA:31,3,0,63
BRDA:31,3,1,0
BRDA:57,4,0,18
BRDA:57,4,1,0
BRDA:62,5,0,18
BRDA:62,5,1,0
BRDA:68,6,0,18
BRDA:68,6,1,0
BRF:12
BRH:6
end_of_record
TN:
SF:/home/d1r/repos/Giveth/giv-token-contracts/contracts/UniswapV3Staker/test/TestIncentiveId.sol
FN:11,compute
FNF:1
FNH:1
FNDA:1,compute
DA:16,1
LF:1
LH:1
BRF:0
BRH:0
end_of_record
TN:
SF:/home/d1r/repos/Giveth/giv-token-contracts/contracts/UniswapV3Staker/test/TestRewardMath.sol
FN:11,computeRewardAmount
FNF:1
FNH:0
FNDA:0,computeRewardAmount
DA:21,0
LF:1
LH:0
BRF:0
BRH:0
end_of_record
TN:
SF:/home/d1r/repos/Giveth/giv-token-contracts/contracts/UniswapV3Staker/UniswapV3Staker.sol
FN:64,stakes
FN:92,constructor
FN:105,createIncentive
FN:152,endIncentive
FN:192,onERC721Received
FN:240,transferDeposit
FN:255,withdrawToken
FN:286,stakeToken
FN:299,unstakeToken
FN:360,claimReward
FN:377,getRewardInfo
FN:414,_stakeToken
FNF:12
FNH:10
FNDA:20,stakes
FNDA:6,constructor
FNDA:2,createIncentive
FNDA:4,endIncentive
FNDA:104,onERC721Received
FNDA:0,transferDeposit
FNDA:19,withdrawToken
FNDA:8,stakeToken
FNDA:20,unstakeToken
FNDA:19,claimReward
FNDA:0,getRewardInfo
FNDA:8,_stakeToken
DA:73,20
DA:74,20
DA:76,20
DA:77,20
DA:78,0
DA:98,6
DA:99,6
DA:100,6
DA:101,6
DA:109,2
DA:113,2
DA:117,2
DA:121,2
DA:125,2
DA:130,2
DA:132,2
DA:134,2
DA:141,2
DA:157,4
DA:162,4
DA:163,4
DA:165,4
DA:167,4
DA:171,4
DA:177,4
DA:178,4
DA:186,4
DA:198,104
DA:203,104
DA:218,104
DA:224,60
DA:226,60
DA:227,0
DA:228,0
DA:230,0
DA:231,0
DA:232,0
DA:236,60
DA:241,0
DA:245,0
DA:246,0
DA:250,0
DA:251,0
DA:260,19
DA:264,19
DA:265,19
DA:269,19
DA:274,19
DA:275,19
DA:277,19
DA:290,8
DA:295,8
DA:303,20
DA:305,20
DA:306,2
DA:312,20
DA:314,20
DA:319,20
DA:324,19
DA:326,19
DA:327,19
DA:329,19
DA:332,19
DA:346,19
DA:348,19
DA:350,19
DA:352,19
DA:353,19
DA:354,19
DA:355,19
DA:356,19
DA:365,19
DA:366,19
DA:367,0
DA:370,19
DA:371,19
DA:373,19
DA:383,0
DA:385,0
DA:389,0
DA:394,0
DA:395,0
DA:397,0
DA:401,0
DA:415,8
DA:419,8
DA:424,8
DA:426,8
DA:430,8
DA:435,8
DA:446,8
DA:450,8
DA:455,8
DA:456,8
DA:458,8
DA:461,8
DA:462,0
DA:468,8
DA:469,8
DA:471,8
DA:474,8
LF:101
LH:81
BRDA:77,1,0,0
BRDA:77,1,1,20
BRDA:109,2,0,2
BRDA:109,2,1,0
BRDA:113,3,0,2
BRDA:113,3,1,0
BRDA:117,4,0,2
BRDA:117,4,1,0
BRDA:121,5,0,2
BRDA:121,5,1,0
BRDA:125,6,0,2
BRDA:125,6,1,0
BRDA:157,7,0,4
BRDA:157,7,1,0
BRDA:167,8,0,4
BRDA:167,8,1,0
BRDA:171,9,0,4
BRDA:171,9,1,0
BRDA:198,10,0,104
BRDA:198,10,1,0
BRDA:226,11,0,0
BRDA:226,11,1,60
BRDA:227,12,0,0
BRDA:227,12,1,0
BRDA:241,13,0,0
BRDA:241,13,1,0
BRDA:246,14,0,0
BRDA:246,14,1,0
BRDA:260,15,0,19
BRDA:260,15,1,0
BRDA:265,16,0,19
BRDA:265,16,1,0
BRDA:269,17,0,19
BRDA:269,17,1,0
BRDA:290,18,0,8
BRDA:290,18,1,0
BRDA:305,19,0,2
BRDA:305,19,1,18
BRDA:306,20,0,2
BRDA:306,20,1,0
BRDA:319,21,0,19
BRDA:319,21,1,1
BRDA:355,22,0,0
BRDA:355,22,1,19
BRDA:366,23,0,0
BRDA:366,23,1,19
BRDA:389,24,0,0
BRDA:389,24,1,0
BRDA:415,25,0,8
BRDA:415,25,1,0
BRDA:419,26,0,8
BRDA:419,26,1,0
BRDA:426,27,0,8
BRDA:426,27,1,0
BRDA:430,28,0,8
BRDA:430,28,1,0
BRDA:446,29,0,8
BRDA:446,29,1,0
BRDA:450,30,0,8
BRDA:450,30,1,0
BRDA:461,31,0,0
BRDA:461,31,1,8
BRF:62
BRH:29
end_of_record
